[30-May-2025 13:18:43 Europe/Berlin] Error viewing programme details: SQLSTATE[42S22]: Column not found: 1054 Unknown column 'u.avatar_url' in 'field list'
[30-May-2025 13:18:43 Europe/Berlin] Stack trace: #0 C:\xampp\htdocs\student-course-hub\src\models\Programme.php(207): PDOStatement->execute(Array)
#1 C:\xampp\htdocs\student-course-hub\src\models\Programme.php(87): App\Models\Programme->getStaffMembers('1')
#2 C:\xampp\htdocs\student-course-hub\src\controllers\StudentController.php(791): App\Models\Programme->findById('1')
#3 C:\xampp\htdocs\student-course-hub\index.php(90): App\Controllers\StudentController->viewProgrammeDetails('1')
#4 {main}
[30-May-2025 16:27:27 Europe/Berlin] Error getting enrolled courses for student ID 8: SQLSTATE[42S22]: Column not found: 1054 Unknown column 'e.programme_id' in 'on clause'
[30-May-2025 16:27:28 Europe/Berlin] Error in getUpcomingDeadlines: SQLSTATE[42S22]: Column not found: 1054 Unknown column 'a.deadline' in 'where clause'
[30-May-2025 16:27:48 Europe/Berlin] Error viewing programme details: SQLSTATE[42S22]: Column not found: 1054 Unknown column 'u.avatar_url' in 'field list'
[30-May-2025 16:27:48 Europe/Berlin] Stack trace: #0 C:\xampp\htdocs\student-course-hub\src\models\Programme.php(207): PDOStatement->execute(Array)
#1 C:\xampp\htdocs\student-course-hub\src\models\Programme.php(87): App\Models\Programme->getStaffMembers('1')
#2 C:\xampp\htdocs\student-course-hub\src\controllers\StudentController.php(791): App\Models\Programme->findById('1')
#3 C:\xampp\htdocs\student-course-hub\index.php(90): App\Controllers\StudentController->viewProgrammeDetails('1')
#4 {main}
[30-May-2025 16:42:53 Europe/Berlin] Error getting enrolled courses for student ID 8: SQLSTATE[42S22]: Column not found: 1054 Unknown column 'e.programme_id' in 'on clause'
[30-May-2025 16:42:53 Europe/Berlin] Error in getUpcomingDeadlines: SQLSTATE[42S22]: Column not found: 1054 Unknown column 'a.deadline' in 'where clause'
[30-May-2025 16:42:57 Europe/Berlin] PHP Notice:  session_start(): Ignoring session_start() because a session is already active in C:\xampp\htdocs\student-course-hub\src\views\student\manage_interests.php on line 6
[30-May-2025 16:42:57 Europe/Berlin] PHP Warning:  require_once(../layouts/header.php): Failed to open stream: No such file or directory in C:\xampp\htdocs\student-course-hub\src\views\student\manage_interests.php on line 28
[30-May-2025 16:42:57 Europe/Berlin] PHP Fatal error:  Uncaught Error: Failed opening required '../layouts/header.php' (include_path='C:\xampp\php\PEAR') in C:\xampp\htdocs\student-course-hub\src\views\student\manage_interests.php:28
Stack trace:
#0 C:\xampp\htdocs\student-course-hub\src\controllers\StudentController.php(772): require_once()
#1 C:\xampp\htdocs\student-course-hub\index.php(111): App\Controllers\StudentController->viewInterests()
#2 {main}
  thrown in C:\xampp\htdocs\student-course-hub\src\views\student\manage_interests.php on line 28
[30-May-2025 16:43:08 Europe/Berlin] PHP Notice:  session_start(): Ignoring session_start() because a session is already active in C:\xampp\htdocs\student-course-hub\src\views\student\manage_interests.php on line 6
[30-May-2025 16:43:08 Europe/Berlin] PHP Warning:  require_once(../layouts/header.php): Failed to open stream: No such file or directory in C:\xampp\htdocs\student-course-hub\src\views\student\manage_interests.php on line 28
[30-May-2025 16:43:08 Europe/Berlin] PHP Fatal error:  Uncaught Error: Failed opening required '../layouts/header.php' (include_path='C:\xampp\php\PEAR') in C:\xampp\htdocs\student-course-hub\src\views\student\manage_interests.php:28
Stack trace:
#0 C:\xampp\htdocs\student-course-hub\src\controllers\StudentController.php(772): require_once()
#1 C:\xampp\htdocs\student-course-hub\index.php(111): App\Controllers\StudentController->viewInterests()
#2 {main}
  thrown in C:\xampp\htdocs\student-course-hub\src\views\student\manage_interests.php on line 28
[30-May-2025 16:43:16 Europe/Berlin] Error viewing programme details: SQLSTATE[42S22]: Column not found: 1054 Unknown column 'u.avatar_url' in 'field list'
[30-May-2025 16:43:16 Europe/Berlin] Stack trace: #0 C:\xampp\htdocs\student-course-hub\src\models\Programme.php(207): PDOStatement->execute(Array)
#1 C:\xampp\htdocs\student-course-hub\src\models\Programme.php(87): App\Models\Programme->getStaffMembers('1')
#2 C:\xampp\htdocs\student-course-hub\src\controllers\StudentController.php(790): App\Models\Programme->findById('1')
#3 C:\xampp\htdocs\student-course-hub\index.php(90): App\Controllers\StudentController->viewProgrammeDetails('1')
#4 {main}
[30-May-2025 16:46:05 Europe/Berlin] Error viewing programme details: SQLSTATE[42S22]: Column not found: 1054 Unknown column 'u.avatar_url' in 'field list'
[30-May-2025 16:46:05 Europe/Berlin] Stack trace: #0 C:\xampp\htdocs\student-course-hub\src\models\Programme.php(207): PDOStatement->execute(Array)
#1 C:\xampp\htdocs\student-course-hub\src\models\Programme.php(87): App\Models\Programme->getStaffMembers('1')
#2 C:\xampp\htdocs\student-course-hub\src\controllers\StudentController.php(790): App\Models\Programme->findById('1')
#3 C:\xampp\htdocs\student-course-hub\index.php(90): App\Controllers\StudentController->viewProgrammeDetails('1')
#4 {main}
[30-May-2025 16:46:12 Europe/Berlin] PHP Notice:  session_start(): Ignoring session_start() because a session is already active in C:\xampp\htdocs\student-course-hub\src\views\student\manage_interests.php on line 6
[30-May-2025 16:46:12 Europe/Berlin] PHP Warning:  require_once(../layouts/header.php): Failed to open stream: No such file or directory in C:\xampp\htdocs\student-course-hub\src\views\student\manage_interests.php on line 28
[30-May-2025 16:46:12 Europe/Berlin] PHP Fatal error:  Uncaught Error: Failed opening required '../layouts/header.php' (include_path='C:\xampp\php\PEAR') in C:\xampp\htdocs\student-course-hub\src\views\student\manage_interests.php:28
Stack trace:
#0 C:\xampp\htdocs\student-course-hub\src\controllers\StudentController.php(772): require_once()
#1 C:\xampp\htdocs\student-course-hub\index.php(111): App\Controllers\StudentController->viewInterests()
#2 {main}
  thrown in C:\xampp\htdocs\student-course-hub\src\views\student\manage_interests.php on line 28
[30-May-2025 17:08:01 Europe/Berlin] Error getting enrolled courses for student ID 8: SQLSTATE[42S22]: Column not found: 1054 Unknown column 'e.programme_id' in 'on clause'
[30-May-2025 17:08:01 Europe/Berlin] Error in getUpcomingDeadlines: SQLSTATE[42S22]: Column not found: 1054 Unknown column 'a.deadline' in 'where clause'
[30-May-2025 17:08:11 Europe/Berlin] Error viewing programme details: SQLSTATE[42S22]: Column not found: 1054 Unknown column 'u.avatar_url' in 'field list'
[30-May-2025 17:08:11 Europe/Berlin] Stack trace: #0 C:\xampp\htdocs\student-course-hub\src\models\Programme.php(207): PDOStatement->execute(Array)
#1 C:\xampp\htdocs\student-course-hub\src\models\Programme.php(87): App\Models\Programme->getStaffMembers('1')
#2 C:\xampp\htdocs\student-course-hub\src\controllers\StudentController.php(801): App\Models\Programme->findById('1')
#3 C:\xampp\htdocs\student-course-hub\index.php(90): App\Controllers\StudentController->viewProgrammeDetails('1')
#4 {main}
[30-May-2025 20:03:40 Europe/Berlin] Error viewing programme details: SQLSTATE[42S22]: Column not found: 1054 Unknown column 'u.avatar_url' in 'field list'
[30-May-2025 20:03:40 Europe/Berlin] Stack trace: #0 C:\xampp\htdocs\student-course-hub\src\models\Programme.php(207): PDOStatement->execute(Array)
#1 C:\xampp\htdocs\student-course-hub\src\models\Programme.php(87): App\Models\Programme->getStaffMembers('1')
#2 C:\xampp\htdocs\student-course-hub\src\controllers\StudentController.php(801): App\Models\Programme->findById('1')
#3 C:\xampp\htdocs\student-course-hub\index.php(90): App\Controllers\StudentController->viewProgrammeDetails('1')
#4 {main}
[30-May-2025 21:19:54 Europe/Berlin] Error viewing programme details: SQLSTATE[42S22]: Column not found: 1054 Unknown column 'u.avatar_url' in 'field list'
[30-May-2025 21:19:54 Europe/Berlin] Stack trace: #0 C:\xampp\htdocs\student-course-hub\src\models\Programme.php(207): PDOStatement->execute(Array)
#1 C:\xampp\htdocs\student-course-hub\src\models\Programme.php(87): App\Models\Programme->getStaffMembers('1')
#2 C:\xampp\htdocs\student-course-hub\src\controllers\StudentController.php(801): App\Models\Programme->findById('1')
#3 C:\xampp\htdocs\student-course-hub\index.php(90): App\Controllers\StudentController->viewProgrammeDetails('1')
#4 {main}
[31-May-2025 13:34:24 Europe/Berlin] Attempting login for email: m7@gmail.com
[31-May-2025 13:34:24 Europe/Berlin] User found: yes
[31-May-2025 13:34:24 Europe/Berlin] User role: student
[31-May-2025 13:34:24 Europe/Berlin] Password verification result: true
[31-May-2025 13:34:25 Europe/Berlin] Session created with user_id: 8, role: student
[31-May-2025 13:34:25 Europe/Berlin] PHP Warning:  session_set_cookie_params(): Session cookie parameters cannot be changed when a session is active in C:\xampp\htdocs\student-course-hub\src\controllers\AuthController.php on line 105
[31-May-2025 13:34:26 Europe/Berlin] Error getting enrolled courses for student ID 8: SQLSTATE[42S22]: Column not found: 1054 Unknown column 'e.programme_id' in 'on clause'
[31-May-2025 13:34:26 Europe/Berlin] Error in getUpcomingDeadlines: SQLSTATE[42S22]: Column not found: 1054 Unknown column 'a.deadline' in 'where clause'
[31-May-2025 13:35:26 Europe/Berlin] Error viewing programme details: SQLSTATE[42S22]: Column not found: 1054 Unknown column 'u.avatar_url' in 'field list'
[31-May-2025 13:35:26 Europe/Berlin] Stack trace: #0 C:\xampp\htdocs\student-course-hub\src\models\Programme.php(207): PDOStatement->execute(Array)
#1 C:\xampp\htdocs\student-course-hub\src\models\Programme.php(87): App\Models\Programme->getStaffMembers('1')
#2 C:\xampp\htdocs\student-course-hub\src\controllers\StudentController.php(801): App\Models\Programme->findById('1')
#3 C:\xampp\htdocs\student-course-hub\index.php(90): App\Controllers\StudentController->viewProgrammeDetails('1')
#4 {main}
[31-May-2025 13:43:10 Europe/Berlin] PHP Notice:  session_start(): Ignoring session_start() because a session is already active in C:\xampp\htdocs\student-course-hub\src\views\student\manage_interests.php on line 6
[31-May-2025 13:43:10 Europe/Berlin] PHP Warning:  require_once(../layouts/header.php): Failed to open stream: No such file or directory in C:\xampp\htdocs\student-course-hub\src\views\student\manage_interests.php on line 28
[31-May-2025 13:43:10 Europe/Berlin] PHP Fatal error:  Uncaught Error: Failed opening required '../layouts/header.php' (include_path='C:\xampp\php\PEAR') in C:\xampp\htdocs\student-course-hub\src\views\student\manage_interests.php:28
Stack trace:
#0 C:\xampp\htdocs\student-course-hub\src\controllers\StudentController.php(802): require_once()
#1 C:\xampp\htdocs\student-course-hub\index.php(111): App\Controllers\StudentController->viewInterests()
#2 {main}
  thrown in C:\xampp\htdocs\student-course-hub\src\views\student\manage_interests.php on line 28
[31-May-2025 14:01:01 Europe/Berlin] Error getting enrolled courses for student ID 8: SQLSTATE[42S22]: Column not found: 1054 Unknown column 'e.programme_id' in 'on clause'
[31-May-2025 14:01:01 Europe/Berlin] Error in getUpcomingDeadlines: SQLSTATE[42S22]: Column not found: 1054 Unknown column 'a.deadline' in 'where clause'
[31-May-2025 14:03:40 Europe/Berlin] Error getting enrolled courses for student ID 8: SQLSTATE[42S22]: Column not found: 1054 Unknown column 'e.programme_id' in 'on clause'
[31-May-2025 14:03:40 Europe/Berlin] Error in getUpcomingDeadlines: SQLSTATE[42S22]: Column not found: 1054 Unknown column 'a.deadline' in 'where clause'
[31-May-2025 14:05:19 Europe/Berlin] Error getting enrolled courses for student ID 8: SQLSTATE[42S22]: Column not found: 1054 Unknown column 'e.programme_id' in 'on clause'
[31-May-2025 14:05:19 Europe/Berlin] Error in getUpcomingDeadlines: SQLSTATE[42S22]: Column not found: 1054 Unknown column 'a.deadline' in 'where clause'
[31-May-2025 14:06:09 Europe/Berlin] PHP Warning:  Undefined variable $level in C:\xampp\htdocs\student-course-hub\src\views\student\programmes_new.php on line 43
[31-May-2025 14:06:09 Europe/Berlin] PHP Warning:  Undefined variable $level in C:\xampp\htdocs\student-course-hub\src\views\student\programmes_new.php on line 44
[31-May-2025 14:06:09 Europe/Berlin] PHP Warning:  Undefined variable $result in C:\xampp\htdocs\student-course-hub\src\views\student\programmes_new.php on line 63
[31-May-2025 14:06:09 Europe/Berlin] PHP Warning:  Trying to access array offset on value of type null in C:\xampp\htdocs\student-course-hub\src\views\student\programmes_new.php on line 63
[31-May-2025 14:06:09 Europe/Berlin] PHP Warning:  foreach() argument must be of type array|object, null given in C:\xampp\htdocs\student-course-hub\src\views\student\programmes_new.php on line 63
[31-May-2025 14:09:39 Europe/Berlin] PHP Warning:  Undefined variable $level in C:\xampp\htdocs\student-course-hub\src\views\student\explore_programmes.php on line 43
[31-May-2025 14:09:39 Europe/Berlin] PHP Warning:  Undefined variable $level in C:\xampp\htdocs\student-course-hub\src\views\student\explore_programmes.php on line 44
[31-May-2025 14:09:39 Europe/Berlin] PHP Warning:  Undefined variable $result in C:\xampp\htdocs\student-course-hub\src\views\student\explore_programmes.php on line 63
[31-May-2025 14:09:39 Europe/Berlin] PHP Warning:  Trying to access array offset on value of type null in C:\xampp\htdocs\student-course-hub\src\views\student\explore_programmes.php on line 63
[31-May-2025 14:09:39 Europe/Berlin] PHP Warning:  foreach() argument must be of type array|object, null given in C:\xampp\htdocs\student-course-hub\src\views\student\explore_programmes.php on line 63
[31-May-2025 14:12:39 Europe/Berlin] PHP Warning:  Undefined variable $level in C:\xampp\htdocs\student-course-hub\src\views\student\explore_programmes.php on line 43
[31-May-2025 14:12:39 Europe/Berlin] PHP Warning:  Undefined variable $level in C:\xampp\htdocs\student-course-hub\src\views\student\explore_programmes.php on line 44
[31-May-2025 14:12:39 Europe/Berlin] PHP Warning:  Undefined variable $result in C:\xampp\htdocs\student-course-hub\src\views\student\explore_programmes.php on line 63
[31-May-2025 14:12:39 Europe/Berlin] PHP Warning:  Trying to access array offset on value of type null in C:\xampp\htdocs\student-course-hub\src\views\student\explore_programmes.php on line 63
[31-May-2025 14:12:39 Europe/Berlin] PHP Warning:  foreach() argument must be of type array|object, null given in C:\xampp\htdocs\student-course-hub\src\views\student\explore_programmes.php on line 63
[31-May-2025 14:15:04 Europe/Berlin] PHP Warning:  Undefined variable $level in C:\xampp\htdocs\student-course-hub\src\views\student\explore_programmes.php on line 190
[31-May-2025 14:15:04 Europe/Berlin] PHP Warning:  Undefined variable $level in C:\xampp\htdocs\student-course-hub\src\views\student\explore_programmes.php on line 191
[31-May-2025 14:15:04 Europe/Berlin] PHP Warning:  Undefined variable $result in C:\xampp\htdocs\student-course-hub\src\views\student\explore_programmes.php on line 210
[31-May-2025 14:15:04 Europe/Berlin] PHP Warning:  Trying to access array offset on value of type null in C:\xampp\htdocs\student-course-hub\src\views\student\explore_programmes.php on line 210
[31-May-2025 14:15:04 Europe/Berlin] PHP Warning:  foreach() argument must be of type array|object, null given in C:\xampp\htdocs\student-course-hub\src\views\student\explore_programmes.php on line 210
[31-May-2025 14:15:09 Europe/Berlin] Error viewing programme details: SQLSTATE[42S22]: Column not found: 1054 Unknown column 'u.avatar_url' in 'field list'
[31-May-2025 14:15:09 Europe/Berlin] Stack trace: #0 C:\xampp\htdocs\student-course-hub\src\models\Programme.php(207): PDOStatement->execute(Array)
#1 C:\xampp\htdocs\student-course-hub\src\models\Programme.php(87): App\Models\Programme->getStaffMembers('1')
#2 C:\xampp\htdocs\student-course-hub\src\controllers\StudentController.php(820): App\Models\Programme->findById('1')
#3 C:\xampp\htdocs\student-course-hub\index.php(90): App\Controllers\StudentController->viewProgrammeDetails('1')
#4 {main}
[31-May-2025 14:19:11 Europe/Berlin] PHP Parse error:  syntax error, unexpected token "endforeach", expecting "elseif" or "else" or "endif" in C:\xampp\htdocs\student-course-hub\src\views\student\explore_programmes.php on line 294
[31-May-2025 14:21:23 Europe/Berlin] PHP Parse error:  syntax error, unexpected token "endforeach", expecting "elseif" or "else" or "endif" in C:\xampp\htdocs\student-course-hub\src\views\student\explore_programmes.php on line 299
[31-May-2025 14:21:25 Europe/Berlin] PHP Parse error:  syntax error, unexpected token "endforeach", expecting "elseif" or "else" or "endif" in C:\xampp\htdocs\student-course-hub\src\views\student\explore_programmes.php on line 299
[31-May-2025 14:21:25 Europe/Berlin] PHP Parse error:  syntax error, unexpected token "endforeach", expecting "elseif" or "else" or "endif" in C:\xampp\htdocs\student-course-hub\src\views\student\explore_programmes.php on line 299
[31-May-2025 14:21:26 Europe/Berlin] Error getting enrolled courses for student ID 8: SQLSTATE[42S22]: Column not found: 1054 Unknown column 'e.programme_id' in 'on clause'
[31-May-2025 14:21:26 Europe/Berlin] Error in getUpcomingDeadlines: SQLSTATE[42S22]: Column not found: 1054 Unknown column 'a.deadline' in 'where clause'
[31-May-2025 14:21:28 Europe/Berlin] PHP Parse error:  syntax error, unexpected token "endforeach", expecting "elseif" or "else" or "endif" in C:\xampp\htdocs\student-course-hub\src\views\student\explore_programmes.php on line 299
[31-May-2025 14:33:56 Europe/Berlin] Error viewing programme details: SQLSTATE[42S22]: Column not found: 1054 Unknown column 'u.avatar_url' in 'field list'
[31-May-2025 14:33:56 Europe/Berlin] Stack trace: #0 C:\xampp\htdocs\student-course-hub\src\models\Programme.php(207): PDOStatement->execute(Array)
#1 C:\xampp\htdocs\student-course-hub\src\models\Programme.php(87): App\Models\Programme->getStaffMembers('1')
#2 C:\xampp\htdocs\student-course-hub\src\controllers\StudentController.php(820): App\Models\Programme->findById('1')
#3 C:\xampp\htdocs\student-course-hub\index.php(90): App\Controllers\StudentController->viewProgrammeDetails('1')
#4 {main}
[31-May-2025 14:34:01 Europe/Berlin] Error getting enrolled courses for student ID 8: SQLSTATE[42S22]: Column not found: 1054 Unknown column 'e.programme_id' in 'on clause'
[31-May-2025 14:34:01 Europe/Berlin] Error in getUpcomingDeadlines: SQLSTATE[42S22]: Column not found: 1054 Unknown column 'a.deadline' in 'where clause'
[31-May-2025 14:55:21 Europe/Berlin] Error searching programmes: SQLSTATE[42S02]: Base table or view not found: 1146 Table 'student_course_hub.module_staff' doesn't exist
[31-May-2025 14:55:21 Europe/Berlin] Error getting filtered programmes: Error searching programmes.
[31-May-2025 14:55:28 Europe/Berlin] Error searching programmes: SQLSTATE[42S02]: Base table or view not found: 1146 Table 'student_course_hub.module_staff' doesn't exist
[31-May-2025 14:55:28 Europe/Berlin] Error getting filtered programmes: Error searching programmes.
[31-May-2025 14:55:47 Europe/Berlin] Error searching programmes: SQLSTATE[42S02]: Base table or view not found: 1146 Table 'student_course_hub.module_staff' doesn't exist
[31-May-2025 14:55:47 Europe/Berlin] Error getting filtered programmes: Error searching programmes.
[31-May-2025 14:55:53 Europe/Berlin] Error searching programmes: SQLSTATE[42S02]: Base table or view not found: 1146 Table 'student_course_hub.module_staff' doesn't exist
[31-May-2025 14:55:53 Europe/Berlin] Error getting filtered programmes: Error searching programmes.
[31-May-2025 14:55:55 Europe/Berlin] Error searching programmes: SQLSTATE[42S02]: Base table or view not found: 1146 Table 'student_course_hub.module_staff' doesn't exist
[31-May-2025 14:55:55 Europe/Berlin] Error getting filtered programmes: Error searching programmes.
[31-May-2025 14:58:46 Europe/Berlin] Error searching programmes: SQLSTATE[42S02]: Base table or view not found: 1146 Table 'student_course_hub.module_staff' doesn't exist
[31-May-2025 14:58:46 Europe/Berlin] Error getting filtered programmes: Error searching programmes.
[31-May-2025 14:58:54 Europe/Berlin] Error searching programmes: SQLSTATE[42S02]: Base table or view not found: 1146 Table 'student_course_hub.module_staff' doesn't exist
[31-May-2025 14:58:54 Europe/Berlin] Error getting filtered programmes: Error searching programmes.
[31-May-2025 14:59:02 Europe/Berlin] Error searching programmes: SQLSTATE[42S02]: Base table or view not found: 1146 Table 'student_course_hub.module_staff' doesn't exist
[31-May-2025 14:59:02 Europe/Berlin] Error getting filtered programmes: Error searching programmes.
[31-May-2025 14:59:07 Europe/Berlin] Error searching programmes: SQLSTATE[42S02]: Base table or view not found: 1146 Table 'student_course_hub.module_staff' doesn't exist
[31-May-2025 14:59:07 Europe/Berlin] Error getting filtered programmes: Error searching programmes.
[31-May-2025 15:17:13 Europe/Berlin] Error searching programmes: SQLSTATE[42S22]: Column not found: 1054 Unknown column 'p.duration_years' in 'where clause'
[31-May-2025 15:17:13 Europe/Berlin] Error getting filtered programmes: Error searching programmes.
[31-May-2025 15:17:13 Europe/Berlin] Error getting interests for student ID 8: SQLSTATE[42S22]: Column not found: 1054 Unknown column 'si.created_at' in 'field list'
[31-May-2025 15:17:13 Europe/Berlin] Error getting student interests: Failed to retrieve student interests
[31-May-2025 15:17:17 Europe/Berlin] Error searching programmes: SQLSTATE[42S02]: Base table or view not found: 1146 Table 'student_course_hub.programme_features' doesn't exist
[31-May-2025 15:17:17 Europe/Berlin] Error getting filtered programmes: Error searching programmes.
[31-May-2025 15:17:17 Europe/Berlin] Error getting interests for student ID 8: SQLSTATE[42S22]: Column not found: 1054 Unknown column 'si.created_at' in 'field list'
[31-May-2025 15:17:17 Europe/Berlin] Error getting student interests: Failed to retrieve student interests
[31-May-2025 15:21:13 Europe/Berlin] Error getting interests for student ID 8: SQLSTATE[42S22]: Column not found: 1054 Unknown column 'si.created_at' in 'field list'
[31-May-2025 15:21:13 Europe/Berlin] Error getting interests: Failed to retrieve student interests
[31-May-2025 15:21:13 Europe/Berlin] Error getting enrolled courses for student ID 8: SQLSTATE[42S22]: Column not found: 1054 Unknown column 'e.programme_id' in 'on clause'
[31-May-2025 15:21:13 Europe/Berlin] Error in getUpcomingDeadlines: SQLSTATE[42S22]: Column not found: 1054 Unknown column 'a.deadline' in 'where clause'
[31-May-2025 15:21:15 Europe/Berlin] Error searching programmes: SQLSTATE[42S02]: Base table or view not found: 1146 Table 'student_course_hub.programme_features' doesn't exist
[31-May-2025 15:21:15 Europe/Berlin] Error getting filtered programmes: Error searching programmes.
[31-May-2025 15:21:15 Europe/Berlin] Error getting interests for student ID 8: SQLSTATE[42S22]: Column not found: 1054 Unknown column 'si.created_at' in 'field list'
[31-May-2025 15:21:15 Europe/Berlin] Error getting student interests: Failed to retrieve student interests
[31-May-2025 15:26:31 Europe/Berlin] Error searching programmes: SQLSTATE[42S02]: Base table or view not found: 1146 Table 'student_course_hub.programme_features' doesn't exist
[31-May-2025 15:26:31 Europe/Berlin] Error getting filtered programmes: Error searching programmes.
[31-May-2025 15:26:31 Europe/Berlin] Error getting interests for student ID 8: SQLSTATE[42S22]: Column not found: 1054 Unknown column 'si.created_at' in 'field list'
[31-May-2025 15:26:31 Europe/Berlin] Error getting student interests: Failed to retrieve student interests
[31-May-2025 15:26:37 Europe/Berlin] Error getting interests for student ID 8: SQLSTATE[42S22]: Column not found: 1054 Unknown column 'si.created_at' in 'field list'
[31-May-2025 15:26:37 Europe/Berlin] Error getting interests: Failed to retrieve student interests
[31-May-2025 15:26:37 Europe/Berlin] Error getting enrolled courses for student ID 8: SQLSTATE[42S22]: Column not found: 1054 Unknown column 'e.programme_id' in 'on clause'
[31-May-2025 15:26:37 Europe/Berlin] Error in getUpcomingDeadlines: SQLSTATE[42S22]: Column not found: 1054 Unknown column 'a.deadline' in 'where clause'
[31-May-2025 15:26:41 Europe/Berlin] Error searching programmes: SQLSTATE[42S02]: Base table or view not found: 1146 Table 'student_course_hub.programme_features' doesn't exist
[31-May-2025 15:26:41 Europe/Berlin] Error getting filtered programmes: Error searching programmes.
[31-May-2025 15:26:41 Europe/Berlin] Error getting interests for student ID 8: SQLSTATE[42S22]: Column not found: 1054 Unknown column 'si.created_at' in 'field list'
[31-May-2025 15:26:41 Europe/Berlin] Error getting student interests: Failed to retrieve student interests
[31-May-2025 15:27:06 Europe/Berlin] PHP Warning:  require_once(C:\xampp\htdocs\student-course-hub/src/views/admin/staff.php): Failed to open stream: No such file or directory in C:\xampp\htdocs\student-course-hub\index.php on line 132
[31-May-2025 15:27:06 Europe/Berlin] PHP Fatal error:  Uncaught Error: Failed opening required 'C:\xampp\htdocs\student-course-hub/src/views/admin/staff.php' (include_path='C:\xampp\php\PEAR') in C:\xampp\htdocs\student-course-hub\index.php:132
Stack trace:
#0 {main}
  thrown in C:\xampp\htdocs\student-course-hub\index.php on line 132
[31-May-2025 15:27:16 Europe/Berlin] Error getting interests for student ID 8: SQLSTATE[42S22]: Column not found: 1054 Unknown column 'si.created_at' in 'field list'
[31-May-2025 15:27:16 Europe/Berlin] Error getting interests: Failed to retrieve student interests
[31-May-2025 15:27:16 Europe/Berlin] Error getting enrolled courses for student ID 8: SQLSTATE[42S22]: Column not found: 1054 Unknown column 'e.programme_id' in 'on clause'
[31-May-2025 15:27:16 Europe/Berlin] Error in getUpcomingDeadlines: SQLSTATE[42S22]: Column not found: 1054 Unknown column 'a.deadline' in 'where clause'
[31-May-2025 15:27:21 Europe/Berlin] Error searching programmes: SQLSTATE[42S02]: Base table or view not found: 1146 Table 'student_course_hub.programme_features' doesn't exist
[31-May-2025 15:27:21 Europe/Berlin] Error getting filtered programmes: Error searching programmes.
[31-May-2025 15:27:21 Europe/Berlin] Error getting interests for student ID 8: SQLSTATE[42S22]: Column not found: 1054 Unknown column 'si.created_at' in 'field list'
[31-May-2025 15:27:21 Europe/Berlin] Error getting student interests: Failed to retrieve student interests
[31-May-2025 15:32:27 Europe/Berlin] Error searching programmes: SQLSTATE[42S02]: Base table or view not found: 1146 Table 'student_course_hub.programme_features' doesn't exist
[31-May-2025 15:32:27 Europe/Berlin] Error getting filtered programmes: Error searching programmes.
[31-May-2025 15:32:27 Europe/Berlin] Error getting interests for student ID 8: SQLSTATE[42S22]: Column not found: 1054 Unknown column 'si.created_at' in 'field list'
[31-May-2025 15:32:27 Europe/Berlin] Error getting student interests: Failed to retrieve student interests
[31-May-2025 17:21:36 Europe/Berlin] Starting searchProgrammes with query: 
[31-May-2025 17:21:36 Europe/Berlin] Filters: Array
(
)

[31-May-2025 17:21:36 Europe/Berlin] Total programmes in database: 10
[31-May-2025 17:21:37 Europe/Berlin] Final SQL: SELECT p.*, 
                       COUNT(DISTINCT m.id) as module_count,
                       (SELECT COUNT(DISTINCT u.id) 
                        FROM users u 
                        INNER JOIN modules mod ON u.id = mod.staff_id
                        INNER JOIN programme_modules pmod ON mod.id = pmod.module_id
                        WHERE pmod.programme_id = p.id) as staff_count
                FROM programmes p
                LEFT JOIN programme_modules pm ON p.id = pm.programme_id
                LEFT JOIN modules m ON pm.module_id = m.id
                WHERE p.is_published = 1 GROUP BY p.id ORDER BY p.title ASC
[31-May-2025 17:21:37 Europe/Berlin] Parameters: Array
(
)

[31-May-2025 17:21:37 Europe/Berlin] Error searching programmes: SQLSTATE[42000]: Syntax error or access violation: 1064 You have an error in your SQL syntax; check the manual that corresponds to your MariaDB server version for the right syntax to use near 'mod ON u.id = mod.staff_id
                        INNER JOIN programme_modu...' at line 5
[31-May-2025 17:21:37 Europe/Berlin] Stack trace: #0 C:\xampp\htdocs\student-course-hub\src\models\Programme.php(410): PDOStatement->execute(Array)
#1 C:\xampp\htdocs\student-course-hub\src\controllers\StudentController.php(321): App\Models\Programme->searchProgrammes('', Array)
#2 C:\xampp\htdocs\student-course-hub\index.php(79): App\Controllers\StudentController->exploreProgrammes()
#3 {main}
[31-May-2025 17:21:37 Europe/Berlin] Error getting filtered programmes: Error searching programmes.
[31-May-2025 17:21:37 Europe/Berlin] Error getting interests for student ID 8: SQLSTATE[42S22]: Column not found: 1054 Unknown column 'si.created_at' in 'field list'
[31-May-2025 17:21:37 Europe/Berlin] Error getting student interests: Failed to retrieve student interests
[31-May-2025 17:22:07 Europe/Berlin] Starting searchProgrammes with query: 
[31-May-2025 17:22:07 Europe/Berlin] Filters: Array
(
)

[31-May-2025 17:22:07 Europe/Berlin] Total programmes in database: 10
[31-May-2025 17:22:07 Europe/Berlin] Final SQL: SELECT p.*, 
                       COUNT(DISTINCT m.id) as module_count,
                       (SELECT COUNT(DISTINCT u.id) 
                        FROM users u 
                        INNER JOIN modules mod ON u.id = mod.staff_id
                        INNER JOIN programme_modules pmod ON mod.id = pmod.module_id
                        WHERE pmod.programme_id = p.id) as staff_count
                FROM programmes p
                LEFT JOIN programme_modules pm ON p.id = pm.programme_id
                LEFT JOIN modules m ON pm.module_id = m.id
                WHERE p.is_published = 1 GROUP BY p.id ORDER BY p.title ASC
[31-May-2025 17:22:07 Europe/Berlin] Parameters: Array
(
)

[31-May-2025 17:22:07 Europe/Berlin] Error searching programmes: SQLSTATE[42000]: Syntax error or access violation: 1064 You have an error in your SQL syntax; check the manual that corresponds to your MariaDB server version for the right syntax to use near 'mod ON u.id = mod.staff_id
                        INNER JOIN programme_modu...' at line 5
[31-May-2025 17:22:07 Europe/Berlin] Stack trace: #0 C:\xampp\htdocs\student-course-hub\src\models\Programme.php(410): PDOStatement->execute(Array)
#1 C:\xampp\htdocs\student-course-hub\src\controllers\StudentController.php(321): App\Models\Programme->searchProgrammes('', Array)
#2 C:\xampp\htdocs\student-course-hub\index.php(79): App\Controllers\StudentController->exploreProgrammes()
#3 {main}
[31-May-2025 17:22:07 Europe/Berlin] Error getting filtered programmes: Error searching programmes.
[31-May-2025 17:22:07 Europe/Berlin] Error getting interests for student ID 8: SQLSTATE[42S22]: Column not found: 1054 Unknown column 'si.created_at' in 'field list'
[31-May-2025 17:22:07 Europe/Berlin] Error getting student interests: Failed to retrieve student interests
[31-May-2025 17:22:16 Europe/Berlin] Starting searchProgrammes with query: 
[31-May-2025 17:22:16 Europe/Berlin] Filters: Array
(
)

[31-May-2025 17:22:16 Europe/Berlin] Total programmes in database: 10
[31-May-2025 17:22:16 Europe/Berlin] Final SQL: SELECT p.*, 
                       COUNT(DISTINCT m.id) as module_count,
                       (SELECT COUNT(DISTINCT u.id) 
                        FROM users u 
                        INNER JOIN modules mod ON u.id = mod.staff_id
                        INNER JOIN programme_modules pmod ON mod.id = pmod.module_id
                        WHERE pmod.programme_id = p.id) as staff_count
                FROM programmes p
                LEFT JOIN programme_modules pm ON p.id = pm.programme_id
                LEFT JOIN modules m ON pm.module_id = m.id
                WHERE p.is_published = 1 GROUP BY p.id ORDER BY p.title ASC
[31-May-2025 17:22:16 Europe/Berlin] Parameters: Array
(
)

[31-May-2025 17:22:16 Europe/Berlin] Error searching programmes: SQLSTATE[42000]: Syntax error or access violation: 1064 You have an error in your SQL syntax; check the manual that corresponds to your MariaDB server version for the right syntax to use near 'mod ON u.id = mod.staff_id
                        INNER JOIN programme_modu...' at line 5
[31-May-2025 17:22:16 Europe/Berlin] Stack trace: #0 C:\xampp\htdocs\student-course-hub\src\models\Programme.php(410): PDOStatement->execute(Array)
#1 C:\xampp\htdocs\student-course-hub\src\controllers\StudentController.php(321): App\Models\Programme->searchProgrammes('', Array)
#2 C:\xampp\htdocs\student-course-hub\index.php(79): App\Controllers\StudentController->exploreProgrammes()
#3 {main}
[31-May-2025 17:22:16 Europe/Berlin] Error getting filtered programmes: Error searching programmes.
[31-May-2025 17:22:16 Europe/Berlin] Error getting interests for student ID 8: SQLSTATE[42S22]: Column not found: 1054 Unknown column 'si.created_at' in 'field list'
[31-May-2025 17:22:16 Europe/Berlin] Error getting student interests: Failed to retrieve student interests
[31-May-2025 17:22:55 Europe/Berlin] Starting searchProgrammes with query: 
[31-May-2025 17:22:55 Europe/Berlin] Filters: Array
(
    [level] => undergraduate
)

[31-May-2025 17:22:55 Europe/Berlin] Total programmes in database: 10
[31-May-2025 17:22:55 Europe/Berlin] Final SQL: SELECT p.*, 
                       COUNT(DISTINCT m.id) as module_count,
                       (SELECT COUNT(DISTINCT u.id) 
                        FROM users u 
                        INNER JOIN modules mod ON u.id = mod.staff_id
                        INNER JOIN programme_modules pmod ON mod.id = pmod.module_id
                        WHERE pmod.programme_id = p.id) as staff_count
                FROM programmes p
                LEFT JOIN programme_modules pm ON p.id = pm.programme_id
                LEFT JOIN modules m ON pm.module_id = m.id
                WHERE p.is_published = 1 AND p.level = :level GROUP BY p.id ORDER BY p.title ASC
[31-May-2025 17:22:55 Europe/Berlin] Parameters: Array
(
    [:level] => undergraduate
)

[31-May-2025 17:22:55 Europe/Berlin] Error searching programmes: SQLSTATE[42000]: Syntax error or access violation: 1064 You have an error in your SQL syntax; check the manual that corresponds to your MariaDB server version for the right syntax to use near 'mod ON u.id = mod.staff_id
                        INNER JOIN programme_modu...' at line 5
[31-May-2025 17:22:55 Europe/Berlin] Stack trace: #0 C:\xampp\htdocs\student-course-hub\src\models\Programme.php(410): PDOStatement->execute(Array)
#1 C:\xampp\htdocs\student-course-hub\src\controllers\StudentController.php(321): App\Models\Programme->searchProgrammes('', Array)
#2 C:\xampp\htdocs\student-course-hub\index.php(79): App\Controllers\StudentController->exploreProgrammes()
#3 {main}
[31-May-2025 17:22:55 Europe/Berlin] Error getting filtered programmes: Error searching programmes.
[31-May-2025 17:22:55 Europe/Berlin] Error getting interests for student ID 8: SQLSTATE[42S22]: Column not found: 1054 Unknown column 'si.created_at' in 'field list'
[31-May-2025 17:22:55 Europe/Berlin] Error getting student interests: Failed to retrieve student interests
[31-May-2025 17:22:57 Europe/Berlin] Starting searchProgrammes with query: 
[31-May-2025 17:22:57 Europe/Berlin] Filters: Array
(
    [level] => undergraduate
)

[31-May-2025 17:22:57 Europe/Berlin] Total programmes in database: 10
[31-May-2025 17:22:57 Europe/Berlin] Final SQL: SELECT p.*, 
                       COUNT(DISTINCT m.id) as module_count,
                       (SELECT COUNT(DISTINCT u.id) 
                        FROM users u 
                        INNER JOIN modules mod ON u.id = mod.staff_id
                        INNER JOIN programme_modules pmod ON mod.id = pmod.module_id
                        WHERE pmod.programme_id = p.id) as staff_count
                FROM programmes p
                LEFT JOIN programme_modules pm ON p.id = pm.programme_id
                LEFT JOIN modules m ON pm.module_id = m.id
                WHERE p.is_published = 1 AND p.level = :level GROUP BY p.id ORDER BY p.title ASC
[31-May-2025 17:22:57 Europe/Berlin] Parameters: Array
(
    [:level] => undergraduate
)

[31-May-2025 17:22:57 Europe/Berlin] Error searching programmes: SQLSTATE[42000]: Syntax error or access violation: 1064 You have an error in your SQL syntax; check the manual that corresponds to your MariaDB server version for the right syntax to use near 'mod ON u.id = mod.staff_id
                        INNER JOIN programme_modu...' at line 5
[31-May-2025 17:22:57 Europe/Berlin] Stack trace: #0 C:\xampp\htdocs\student-course-hub\src\models\Programme.php(410): PDOStatement->execute(Array)
#1 C:\xampp\htdocs\student-course-hub\src\controllers\StudentController.php(321): App\Models\Programme->searchProgrammes('', Array)
#2 C:\xampp\htdocs\student-course-hub\index.php(79): App\Controllers\StudentController->exploreProgrammes()
#3 {main}
[31-May-2025 17:22:57 Europe/Berlin] Error getting filtered programmes: Error searching programmes.
[31-May-2025 17:22:57 Europe/Berlin] Error getting interests for student ID 8: SQLSTATE[42S22]: Column not found: 1054 Unknown column 'si.created_at' in 'field list'
[31-May-2025 17:22:57 Europe/Berlin] Error getting student interests: Failed to retrieve student interests
[31-May-2025 17:25:21 Europe/Berlin] Starting searchProgrammes with query: 
[31-May-2025 17:25:21 Europe/Berlin] Filters: Array
(
    [level] => undergraduate
)

[31-May-2025 17:25:21 Europe/Berlin] Total programmes in database: 10
[31-May-2025 17:25:21 Europe/Berlin] Final SQL: SELECT p.*, 
                       COUNT(DISTINCT m.id) as module_count,
                       (SELECT COUNT(*) FROM modules m2 
                        INNER JOIN programme_modules pm2 ON m2.id = pm2.module_id 
                        WHERE pm2.programme_id = p.id) as module_count,
                       (SELECT COUNT(*) FROM users u 
                        INNER JOIN modules m3 ON u.id = m3.staff_id
                        WHERE m3.id IN (
                            SELECT module_id FROM programme_modules 
                            WHERE programme_id = p.id
                        )) as staff_count
                FROM programmes p
                WHERE p.is_published = 1 AND p.level = :level ORDER BY p.title ASC
[31-May-2025 17:25:21 Europe/Berlin] Parameters: Array
(
    [:level] => undergraduate
)

[31-May-2025 17:25:21 Europe/Berlin] Error searching programmes: SQLSTATE[42S22]: Column not found: 1054 Unknown column 'm.id' in 'field list'
[31-May-2025 17:25:21 Europe/Berlin] Stack trace: #0 C:\xampp\htdocs\student-course-hub\src\models\Programme.php(412): PDOStatement->execute(Array)
#1 C:\xampp\htdocs\student-course-hub\src\controllers\StudentController.php(321): App\Models\Programme->searchProgrammes('', Array)
#2 C:\xampp\htdocs\student-course-hub\index.php(79): App\Controllers\StudentController->exploreProgrammes()
#3 {main}
[31-May-2025 17:25:21 Europe/Berlin] Error getting filtered programmes: Error searching programmes.
[31-May-2025 17:25:21 Europe/Berlin] Error getting interests for student ID 8: SQLSTATE[42S22]: Column not found: 1054 Unknown column 'si.created_at' in 'field list'
[31-May-2025 17:25:21 Europe/Berlin] Error getting student interests: Failed to retrieve student interests
[31-May-2025 17:28:46 Europe/Berlin] Starting searchProgrammes with query: 
[31-May-2025 17:28:46 Europe/Berlin] Filters: Array
(
    [level] => undergraduate
)

[31-May-2025 17:28:46 Europe/Berlin] Total programmes in database: 10
[31-May-2025 17:28:46 Europe/Berlin] Final SQL: SELECT p.*
                FROM programmes p 
                WHERE p.is_published = 1 AND p.level = :level ORDER BY p.title ASC
[31-May-2025 17:28:46 Europe/Berlin] Parameters: Array
(
    [:level] => undergraduate
)

[31-May-2025 17:28:46 Europe/Berlin] Found 6 programmes
[31-May-2025 17:28:46 Europe/Berlin] PHP Fatal error:  Uncaught TypeError: htmlspecialchars(): Argument #1 ($string) must be of type string, array given in C:\xampp\htdocs\student-course-hub\src\views\student\explore_programmes.php:203
Stack trace:
#0 C:\xampp\htdocs\student-course-hub\src\views\student\explore_programmes.php(203): htmlspecialchars(Array)
#1 C:\xampp\htdocs\student-course-hub\src\controllers\StudentController.php(356): require_once('C:\\xampp\\htdocs...')
#2 C:\xampp\htdocs\student-course-hub\index.php(79): App\Controllers\StudentController->exploreProgrammes()
#3 {main}
  thrown in C:\xampp\htdocs\student-course-hub\src\views\student\explore_programmes.php on line 203
[31-May-2025 17:32:53 Europe/Berlin] Starting searchProgrammes with query: 
[31-May-2025 17:32:53 Europe/Berlin] Filters: Array
(
    [level] => undergraduate
)

[31-May-2025 17:32:53 Europe/Berlin] Total programmes in database: 10
[31-May-2025 17:32:53 Europe/Berlin] Final SQL: SELECT p.*
                FROM programmes p 
                WHERE p.is_published = 1 AND p.level = :level ORDER BY p.title ASC
[31-May-2025 17:32:53 Europe/Berlin] Parameters: Array
(
    [:level] => undergraduate
)

[31-May-2025 17:32:53 Europe/Berlin] Found 6 programmes
[31-May-2025 17:32:53 Europe/Berlin] PHP Fatal error:  Uncaught TypeError: htmlspecialchars(): Argument #1 ($string) must be of type string, array given in C:\xampp\htdocs\student-course-hub\src\views\student\explore_programmes.php:229
Stack trace:
#0 C:\xampp\htdocs\student-course-hub\src\views\student\explore_programmes.php(229): htmlspecialchars(Array)
#1 C:\xampp\htdocs\student-course-hub\src\controllers\StudentController.php(356): require_once('C:\\xampp\\htdocs...')
#2 C:\xampp\htdocs\student-course-hub\index.php(79): App\Controllers\StudentController->exploreProgrammes()
#3 {main}
  thrown in C:\xampp\htdocs\student-course-hub\src\views\student\explore_programmes.php on line 229
[31-May-2025 17:32:56 Europe/Berlin] Error getting enrolled courses for student ID 8: SQLSTATE[42S22]: Column not found: 1054 Unknown column 'e.programme_id' in 'on clause'
[31-May-2025 17:32:56 Europe/Berlin] Error in getUpcomingDeadlines: SQLSTATE[42S22]: Column not found: 1054 Unknown column 'a.deadline' in 'where clause'
[31-May-2025 17:34:07 Europe/Berlin] Starting searchProgrammes with query: 
[31-May-2025 17:34:07 Europe/Berlin] Filters: Array
(
    [level] => postgraduate
)

[31-May-2025 17:34:07 Europe/Berlin] Total programmes in database: 10
[31-May-2025 17:34:07 Europe/Berlin] Final SQL: SELECT p.*
                FROM programmes p 
                WHERE p.is_published = 1 AND p.level = :level ORDER BY p.title ASC
[31-May-2025 17:34:07 Europe/Berlin] Parameters: Array
(
    [:level] => postgraduate
)

[31-May-2025 17:34:07 Europe/Berlin] Found 4 programmes
[31-May-2025 17:34:07 Europe/Berlin] PHP Fatal error:  Uncaught TypeError: htmlspecialchars(): Argument #1 ($string) must be of type string, array given in C:\xampp\htdocs\student-course-hub\src\views\student\explore_programmes.php:229
Stack trace:
#0 C:\xampp\htdocs\student-course-hub\src\views\student\explore_programmes.php(229): htmlspecialchars(Array)
#1 C:\xampp\htdocs\student-course-hub\src\controllers\StudentController.php(356): require_once('C:\\xampp\\htdocs...')
#2 C:\xampp\htdocs\student-course-hub\index.php(79): App\Controllers\StudentController->exploreProgrammes()
#3 {main}
  thrown in C:\xampp\htdocs\student-course-hub\src\views\student\explore_programmes.php on line 229
[31-May-2025 17:34:13 Europe/Berlin] Starting searchProgrammes with query: 
[31-May-2025 17:34:13 Europe/Berlin] Filters: Array
(
    [level] => postgraduate
    [duration] => 2
)

[31-May-2025 17:34:13 Europe/Berlin] Total programmes in database: 10
[31-May-2025 17:34:13 Europe/Berlin] Final SQL: SELECT p.*
                FROM programmes p 
                WHERE p.is_published = 1 AND p.level = :level AND p.duration LIKE :duration ORDER BY p.title ASC
[31-May-2025 17:34:13 Europe/Berlin] Parameters: Array
(
    [:level] => postgraduate
    [:duration] => %2%
)

[31-May-2025 17:34:13 Europe/Berlin] Found 1 programmes
[31-May-2025 17:34:13 Europe/Berlin] PHP Fatal error:  Uncaught TypeError: htmlspecialchars(): Argument #1 ($string) must be of type string, array given in C:\xampp\htdocs\student-course-hub\src\views\student\explore_programmes.php:229
Stack trace:
#0 C:\xampp\htdocs\student-course-hub\src\views\student\explore_programmes.php(229): htmlspecialchars(Array)
#1 C:\xampp\htdocs\student-course-hub\src\controllers\StudentController.php(356): require_once('C:\\xampp\\htdocs...')
#2 C:\xampp\htdocs\student-course-hub\index.php(79): App\Controllers\StudentController->exploreProgrammes()
#3 {main}
  thrown in C:\xampp\htdocs\student-course-hub\src\views\student\explore_programmes.php on line 229
[31-May-2025 17:34:23 Europe/Berlin] Starting searchProgrammes with query: 
[31-May-2025 17:34:23 Europe/Berlin] Filters: Array
(
    [level] => postgraduate
    [duration] => 1
)

[31-May-2025 17:34:23 Europe/Berlin] Total programmes in database: 10
[31-May-2025 17:34:23 Europe/Berlin] Final SQL: SELECT p.*
                FROM programmes p 
                WHERE p.is_published = 1 AND p.level = :level AND p.duration LIKE :duration ORDER BY p.title ASC
[31-May-2025 17:34:23 Europe/Berlin] Parameters: Array
(
    [:level] => postgraduate
    [:duration] => %1%
)

[31-May-2025 17:34:23 Europe/Berlin] Found 3 programmes
[31-May-2025 17:34:23 Europe/Berlin] PHP Fatal error:  Uncaught TypeError: htmlspecialchars(): Argument #1 ($string) must be of type string, array given in C:\xampp\htdocs\student-course-hub\src\views\student\explore_programmes.php:229
Stack trace:
#0 C:\xampp\htdocs\student-course-hub\src\views\student\explore_programmes.php(229): htmlspecialchars(Array)
#1 C:\xampp\htdocs\student-course-hub\src\controllers\StudentController.php(356): require_once('C:\\xampp\\htdocs...')
#2 C:\xampp\htdocs\student-course-hub\index.php(79): App\Controllers\StudentController->exploreProgrammes()
#3 {main}
  thrown in C:\xampp\htdocs\student-course-hub\src\views\student\explore_programmes.php on line 229
[31-May-2025 17:34:31 Europe/Berlin] Starting searchProgrammes with query: 
[31-May-2025 17:34:31 Europe/Berlin] Filters: Array
(
)

[31-May-2025 17:34:31 Europe/Berlin] Total programmes in database: 10
[31-May-2025 17:34:31 Europe/Berlin] Final SQL: SELECT p.*
                FROM programmes p 
                WHERE p.is_published = 1 ORDER BY p.title ASC
[31-May-2025 17:34:31 Europe/Berlin] Parameters: Array
(
)

[31-May-2025 17:34:31 Europe/Berlin] Found 10 programmes
[31-May-2025 17:34:31 Europe/Berlin] PHP Fatal error:  Uncaught TypeError: htmlspecialchars(): Argument #1 ($string) must be of type string, array given in C:\xampp\htdocs\student-course-hub\src\views\student\explore_programmes.php:229
Stack trace:
#0 C:\xampp\htdocs\student-course-hub\src\views\student\explore_programmes.php(229): htmlspecialchars(Array)
#1 C:\xampp\htdocs\student-course-hub\src\controllers\StudentController.php(356): require_once('C:\\xampp\\htdocs...')
#2 C:\xampp\htdocs\student-course-hub\index.php(79): App\Controllers\StudentController->exploreProgrammes()
#3 {main}
  thrown in C:\xampp\htdocs\student-course-hub\src\views\student\explore_programmes.php on line 229
[31-May-2025 17:34:43 Europe/Berlin] Starting searchProgrammes with query: 
[31-May-2025 17:34:43 Europe/Berlin] Filters: Array
(
    [department] => Life Sciences
)

[31-May-2025 17:34:43 Europe/Berlin] Total programmes in database: 10
[31-May-2025 17:34:43 Europe/Berlin] Final SQL: SELECT p.*
                FROM programmes p 
                WHERE p.is_published = 1 AND p.department = :department ORDER BY p.title ASC
[31-May-2025 17:34:43 Europe/Berlin] Parameters: Array
(
    [:department] => Life Sciences
)

[31-May-2025 17:34:43 Europe/Berlin] Found 1 programmes
[31-May-2025 17:34:43 Europe/Berlin] PHP Fatal error:  Uncaught TypeError: htmlspecialchars(): Argument #1 ($string) must be of type string, array given in C:\xampp\htdocs\student-course-hub\src\views\student\explore_programmes.php:229
Stack trace:
#0 C:\xampp\htdocs\student-course-hub\src\views\student\explore_programmes.php(229): htmlspecialchars(Array)
#1 C:\xampp\htdocs\student-course-hub\src\controllers\StudentController.php(356): require_once('C:\\xampp\\htdocs...')
#2 C:\xampp\htdocs\student-course-hub\index.php(79): App\Controllers\StudentController->exploreProgrammes()
#3 {main}
  thrown in C:\xampp\htdocs\student-course-hub\src\views\student\explore_programmes.php on line 229
[31-May-2025 17:36:45 Europe/Berlin] Starting searchProgrammes with query: 
[31-May-2025 17:36:45 Europe/Berlin] Filters: Array
(
    [department] => Life Sciences
)

[31-May-2025 17:36:45 Europe/Berlin] Total programmes in database: 10
[31-May-2025 17:36:45 Europe/Berlin] Final SQL: SELECT p.*
                FROM programmes p 
                WHERE p.is_published = 1 AND p.department = :department ORDER BY p.title ASC
[31-May-2025 17:36:45 Europe/Berlin] Parameters: Array
(
    [:department] => Life Sciences
)

[31-May-2025 17:36:45 Europe/Berlin] Found 1 programmes
[31-May-2025 17:36:45 Europe/Berlin] PHP Fatal error:  Uncaught TypeError: htmlspecialchars(): Argument #1 ($string) must be of type string, array given in C:\xampp\htdocs\student-course-hub\src\views\student\explore_programmes.php:229
Stack trace:
#0 C:\xampp\htdocs\student-course-hub\src\views\student\explore_programmes.php(229): htmlspecialchars(Array)
#1 C:\xampp\htdocs\student-course-hub\src\controllers\StudentController.php(356): require_once('C:\\xampp\\htdocs...')
#2 C:\xampp\htdocs\student-course-hub\index.php(79): App\Controllers\StudentController->exploreProgrammes()
#3 {main}
  thrown in C:\xampp\htdocs\student-course-hub\src\views\student\explore_programmes.php on line 229
[31-May-2025 17:36:56 Europe/Berlin] Error getting enrolled courses for student ID 8: SQLSTATE[42S22]: Column not found: 1054 Unknown column 'e.programme_id' in 'on clause'
[31-May-2025 17:36:56 Europe/Berlin] Error in getUpcomingDeadlines: SQLSTATE[42S22]: Column not found: 1054 Unknown column 'a.deadline' in 'where clause'
[31-May-2025 17:36:57 Europe/Berlin] Starting searchProgrammes with query: 
[31-May-2025 17:36:57 Europe/Berlin] Filters: Array
(
)

[31-May-2025 17:36:57 Europe/Berlin] Total programmes in database: 10
[31-May-2025 17:36:57 Europe/Berlin] Final SQL: SELECT p.*
                FROM programmes p 
                WHERE p.is_published = 1 ORDER BY p.title ASC
[31-May-2025 17:36:57 Europe/Berlin] Parameters: Array
(
)

[31-May-2025 17:36:57 Europe/Berlin] Found 10 programmes
[31-May-2025 17:36:57 Europe/Berlin] PHP Fatal error:  Uncaught TypeError: htmlspecialchars(): Argument #1 ($string) must be of type string, array given in C:\xampp\htdocs\student-course-hub\src\views\student\explore_programmes.php:229
Stack trace:
#0 C:\xampp\htdocs\student-course-hub\src\views\student\explore_programmes.php(229): htmlspecialchars(Array)
#1 C:\xampp\htdocs\student-course-hub\src\controllers\StudentController.php(356): require_once('C:\\xampp\\htdocs...')
#2 C:\xampp\htdocs\student-course-hub\index.php(79): App\Controllers\StudentController->exploreProgrammes()
#3 {main}
  thrown in C:\xampp\htdocs\student-course-hub\src\views\student\explore_programmes.php on line 229
[31-May-2025 17:43:01 Europe/Berlin] Starting searchProgrammes with query: 
[31-May-2025 17:43:01 Europe/Berlin] Filters: Array
(
)

[31-May-2025 17:43:01 Europe/Berlin] Total programmes in database: 10
[31-May-2025 17:43:01 Europe/Berlin] Final SQL: SELECT p.*
                FROM programmes p 
                WHERE p.is_published = 1 ORDER BY p.title ASC
[31-May-2025 17:43:01 Europe/Berlin] Parameters: Array
(
)

[31-May-2025 17:43:01 Europe/Berlin] Found 10 programmes
[31-May-2025 17:43:01 Europe/Berlin] PHP Fatal error:  Uncaught TypeError: htmlspecialchars(): Argument #1 ($string) must be of type string, array given in C:\xampp\htdocs\student-course-hub\src\views\student\explore_programmes.php:230
Stack trace:
#0 C:\xampp\htdocs\student-course-hub\src\views\student\explore_programmes.php(230): htmlspecialchars(Array)
#1 C:\xampp\htdocs\student-course-hub\src\controllers\StudentController.php(356): require_once('C:\\xampp\\htdocs...')
#2 C:\xampp\htdocs\student-course-hub\index.php(79): App\Controllers\StudentController->exploreProgrammes()
#3 {main}
  thrown in C:\xampp\htdocs\student-course-hub\src\views\student\explore_programmes.php on line 230
[31-May-2025 17:43:10 Europe/Berlin] Starting searchProgrammes with query: 
[31-May-2025 17:43:10 Europe/Berlin] Filters: Array
(
    [duration] => 3
)

[31-May-2025 17:43:10 Europe/Berlin] Total programmes in database: 10
[31-May-2025 17:43:10 Europe/Berlin] Final SQL: SELECT p.*
                FROM programmes p 
                WHERE p.is_published = 1 AND p.duration LIKE :duration ORDER BY p.title ASC
[31-May-2025 17:43:10 Europe/Berlin] Parameters: Array
(
    [:duration] => %3%
)

[31-May-2025 17:43:10 Europe/Berlin] Found 5 programmes
[31-May-2025 17:43:10 Europe/Berlin] PHP Fatal error:  Uncaught TypeError: htmlspecialchars(): Argument #1 ($string) must be of type string, array given in C:\xampp\htdocs\student-course-hub\src\views\student\explore_programmes.php:230
Stack trace:
#0 C:\xampp\htdocs\student-course-hub\src\views\student\explore_programmes.php(230): htmlspecialchars(Array)
#1 C:\xampp\htdocs\student-course-hub\src\controllers\StudentController.php(356): require_once('C:\\xampp\\htdocs...')
#2 C:\xampp\htdocs\student-course-hub\index.php(79): App\Controllers\StudentController->exploreProgrammes()
#3 {main}
  thrown in C:\xampp\htdocs\student-course-hub\src\views\student\explore_programmes.php on line 230
[31-May-2025 17:43:18 Europe/Berlin] Starting searchProgrammes with query: 
[31-May-2025 17:43:18 Europe/Berlin] Filters: Array
(
    [level] => postgraduate
)

[31-May-2025 17:43:18 Europe/Berlin] Total programmes in database: 10
[31-May-2025 17:43:18 Europe/Berlin] Final SQL: SELECT p.*
                FROM programmes p 
                WHERE p.is_published = 1 AND p.level = :level ORDER BY p.title ASC
[31-May-2025 17:43:18 Europe/Berlin] Parameters: Array
(
    [:level] => postgraduate
)

[31-May-2025 17:43:18 Europe/Berlin] Found 4 programmes
[31-May-2025 17:43:18 Europe/Berlin] PHP Fatal error:  Uncaught TypeError: htmlspecialchars(): Argument #1 ($string) must be of type string, array given in C:\xampp\htdocs\student-course-hub\src\views\student\explore_programmes.php:230
Stack trace:
#0 C:\xampp\htdocs\student-course-hub\src\views\student\explore_programmes.php(230): htmlspecialchars(Array)
#1 C:\xampp\htdocs\student-course-hub\src\controllers\StudentController.php(356): require_once('C:\\xampp\\htdocs...')
#2 C:\xampp\htdocs\student-course-hub\index.php(79): App\Controllers\StudentController->exploreProgrammes()
#3 {main}
  thrown in C:\xampp\htdocs\student-course-hub\src\views\student\explore_programmes.php on line 230
[31-May-2025 17:45:47 Europe/Berlin] Starting searchProgrammes with query: 
[31-May-2025 17:45:47 Europe/Berlin] Filters: Array
(
    [level] => postgraduate
)

[31-May-2025 17:45:47 Europe/Berlin] Total programmes in database: 10
[31-May-2025 17:45:47 Europe/Berlin] Final SQL: SELECT p.*
                FROM programmes p 
                WHERE p.is_published = 1 AND p.level = :level ORDER BY p.title ASC
[31-May-2025 17:45:47 Europe/Berlin] Parameters: Array
(
    [:level] => postgraduate
)

[31-May-2025 17:45:47 Europe/Berlin] Found 4 programmes
[31-May-2025 17:45:53 Europe/Berlin] Starting searchProgrammes with query: 
[31-May-2025 17:45:53 Europe/Berlin] Filters: Array
(
)

[31-May-2025 17:45:53 Europe/Berlin] Total programmes in database: 10
[31-May-2025 17:45:53 Europe/Berlin] Final SQL: SELECT p.*
                FROM programmes p 
                WHERE p.is_published = 1 ORDER BY p.title ASC
[31-May-2025 17:45:53 Europe/Berlin] Parameters: Array
(
)

[31-May-2025 17:45:53 Europe/Berlin] Found 10 programmes
[31-May-2025 17:45:54 Europe/Berlin] Starting searchProgrammes with query: 
[31-May-2025 17:45:54 Europe/Berlin] Filters: Array
(
)

[31-May-2025 17:45:54 Europe/Berlin] Total programmes in database: 10
[31-May-2025 17:45:54 Europe/Berlin] Final SQL: SELECT p.*
                FROM programmes p 
                WHERE p.is_published = 1 ORDER BY p.title ASC
[31-May-2025 17:45:54 Europe/Berlin] Parameters: Array
(
)

[31-May-2025 17:45:54 Europe/Berlin] Found 10 programmes
[31-May-2025 17:46:01 Europe/Berlin] Starting searchProgrammes with query: 
[31-May-2025 17:46:01 Europe/Berlin] Filters: Array
(
)

[31-May-2025 17:46:01 Europe/Berlin] Total programmes in database: 10
[31-May-2025 17:46:01 Europe/Berlin] Final SQL: SELECT p.*
                FROM programmes p 
                WHERE p.is_published = 1 ORDER BY p.title ASC
[31-May-2025 17:46:01 Europe/Berlin] Parameters: Array
(
)

[31-May-2025 17:46:01 Europe/Berlin] Found 10 programmes
[31-May-2025 17:46:15 Europe/Berlin] PHP Fatal error:  Uncaught Error: Call to undefined method App\Models\Programme::getModules() in C:\xampp\htdocs\student-course-hub\src\controllers\StudentController.php:881
Stack trace:
#0 C:\xampp\htdocs\student-course-hub\src\controllers\StudentController.php(837): App\Controllers\StudentController->getSharedModules('42')
#1 C:\xampp\htdocs\student-course-hub\index.php(89): App\Controllers\StudentController->viewProgrammeDetails('42')
#2 {main}
  thrown in C:\xampp\htdocs\student-course-hub\src\controllers\StudentController.php on line 881
[31-May-2025 17:47:49 Europe/Berlin] Starting searchProgrammes with query: 
[31-May-2025 17:47:49 Europe/Berlin] Filters: Array
(
)

[31-May-2025 17:47:49 Europe/Berlin] Total programmes in database: 10
[31-May-2025 17:47:49 Europe/Berlin] Final SQL: SELECT p.*
                FROM programmes p 
                WHERE p.is_published = 1 ORDER BY p.title ASC
[31-May-2025 17:47:49 Europe/Berlin] Parameters: Array
(
)

[31-May-2025 17:47:49 Europe/Berlin] Found 10 programmes
[31-May-2025 17:52:04 Europe/Berlin] Starting searchProgrammes with query: 
[31-May-2025 17:52:04 Europe/Berlin] Filters: Array
(
)

[31-May-2025 17:52:04 Europe/Berlin] Total programmes in database: 10
[31-May-2025 17:52:04 Europe/Berlin] Final SQL: SELECT p.*
                FROM programmes p 
                WHERE p.is_published = 1 ORDER BY p.title ASC
[31-May-2025 17:52:04 Europe/Berlin] Parameters: Array
(
)

[31-May-2025 17:52:04 Europe/Berlin] Found 10 programmes
[31-May-2025 17:52:08 Europe/Berlin] PHP Warning:  Undefined array key "duration_years" in C:\xampp\htdocs\student-course-hub\src\views\student\programme_details.php on line 31
[31-May-2025 17:52:08 Europe/Berlin] PHP Warning:  Undefined array key "qualification" in C:\xampp\htdocs\student-course-hub\src\views\student\programme_details.php on line 37
[31-May-2025 17:52:08 Europe/Berlin] PHP Warning:  Undefined variable $modules in C:\xampp\htdocs\student-course-hub\src\views\student\programme_details.php on line 86
[31-May-2025 17:52:08 Europe/Berlin] PHP Warning:  foreach() argument must be of type array|object, null given in C:\xampp\htdocs\student-course-hub\src\views\student\programme_details.php on line 86
[31-May-2025 18:41:45 Europe/Berlin] Starting searchProgrammes with query: 
[31-May-2025 18:41:45 Europe/Berlin] Filters: Array
(
)

[31-May-2025 18:41:45 Europe/Berlin] Total programmes in database: 10
[31-May-2025 18:41:45 Europe/Berlin] Final SQL: SELECT p.*
                FROM programmes p 
                WHERE p.is_published = 1 ORDER BY p.title ASC
[31-May-2025 18:41:45 Europe/Berlin] Parameters: Array
(
)

[31-May-2025 18:41:45 Europe/Berlin] Found 10 programmes
[31-May-2025 18:41:47 Europe/Berlin] PHP Warning:  Undefined variable $modules in C:\xampp\htdocs\student-course-hub\src\views\student\programme_details.php on line 144
[31-May-2025 18:41:47 Europe/Berlin] PHP Warning:  foreach() argument must be of type array|object, null given in C:\xampp\htdocs\student-course-hub\src\views\student\programme_details.php on line 144
[31-May-2025 18:46:26 Europe/Berlin] PHP Fatal error:  Cannot redeclare App\Controllers\StudentController::viewProgrammeDetails() in C:\xampp\htdocs\student-course-hub\src\controllers\StudentController.php on line 835
[31-May-2025 18:48:33 Europe/Berlin] PHP Parse error:  syntax error, unexpected token "catch", expecting "function" or "const" in C:\xampp\htdocs\student-course-hub\src\controllers\StudentController.php on line 152
[31-May-2025 18:48:34 Europe/Berlin] PHP Parse error:  syntax error, unexpected token "catch", expecting "function" or "const" in C:\xampp\htdocs\student-course-hub\src\controllers\StudentController.php on line 152
[31-May-2025 18:50:38 Europe/Berlin] PHP Parse error:  syntax error, unexpected identifier "error_log", expecting "function" or "const" in C:\xampp\htdocs\student-course-hub\src\controllers\StudentController.php on line 149
[31-May-2025 18:55:38 Europe/Berlin] PHP Parse error:  syntax error, unexpected variable "$hasInterest", expecting "function" or "const" in C:\xampp\htdocs\student-course-hub\src\controllers\StudentController.php on line 861
[31-May-2025 18:55:39 Europe/Berlin] PHP Parse error:  syntax error, unexpected variable "$hasInterest", expecting "function" or "const" in C:\xampp\htdocs\student-course-hub\src\controllers\StudentController.php on line 861
[31-May-2025 18:55:40 Europe/Berlin] PHP Parse error:  syntax error, unexpected variable "$hasInterest", expecting "function" or "const" in C:\xampp\htdocs\student-course-hub\src\controllers\StudentController.php on line 861
[31-May-2025 19:02:40 Europe/Berlin] Starting searchProgrammes with query: 
[31-May-2025 19:02:40 Europe/Berlin] Filters: Array
(
)

[31-May-2025 19:02:40 Europe/Berlin] Total programmes in database: 10
[31-May-2025 19:02:40 Europe/Berlin] Final SQL: SELECT p.*
                FROM programmes p 
                WHERE p.is_published = 1 ORDER BY p.title ASC
[31-May-2025 19:02:40 Europe/Berlin] Parameters: Array
(
)

[31-May-2025 19:02:40 Europe/Berlin] Found 10 programmes
[31-May-2025 19:04:02 Europe/Berlin] Starting searchProgrammes with query: 
[31-May-2025 19:04:02 Europe/Berlin] Filters: Array
(
    [duration] => 2
)

[31-May-2025 19:04:02 Europe/Berlin] Total programmes in database: 10
[31-May-2025 19:04:02 Europe/Berlin] Final SQL: SELECT p.*
                FROM programmes p 
                WHERE p.is_published = 1 AND p.duration LIKE :duration ORDER BY p.title ASC
[31-May-2025 19:04:02 Europe/Berlin] Parameters: Array
(
    [:duration] => %2%
)

[31-May-2025 19:04:02 Europe/Berlin] Found 1 programmes
[31-May-2025 19:04:03 Europe/Berlin] Starting searchProgrammes with query: 
[31-May-2025 19:04:03 Europe/Berlin] Filters: Array
(
)

[31-May-2025 19:04:03 Europe/Berlin] Total programmes in database: 10
[31-May-2025 19:04:03 Europe/Berlin] Final SQL: SELECT p.*
                FROM programmes p 
                WHERE p.is_published = 1 ORDER BY p.title ASC
[31-May-2025 19:04:03 Europe/Berlin] Parameters: Array
(
)

[31-May-2025 19:04:03 Europe/Berlin] Found 10 programmes
[31-May-2025 19:04:10 Europe/Berlin] Starting searchProgrammes with query: 
[31-May-2025 19:04:10 Europe/Berlin] Filters: Array
(
    [duration] => 2
)

[31-May-2025 19:04:10 Europe/Berlin] Total programmes in database: 10
[31-May-2025 19:04:10 Europe/Berlin] Final SQL: SELECT p.*
                FROM programmes p 
                WHERE p.is_published = 1 AND p.duration LIKE :duration ORDER BY p.title ASC
[31-May-2025 19:04:10 Europe/Berlin] Parameters: Array
(
    [:duration] => %2%
)

[31-May-2025 19:04:10 Europe/Berlin] Found 1 programmes
[31-May-2025 19:04:34 Europe/Berlin] Starting searchProgrammes with query: 
[31-May-2025 19:04:34 Europe/Berlin] Filters: Array
(
    [duration] => 2
)

[31-May-2025 19:04:34 Europe/Berlin] Total programmes in database: 10
[31-May-2025 19:04:34 Europe/Berlin] Final SQL: SELECT p.*
                FROM programmes p 
                WHERE p.is_published = 1 AND p.duration LIKE :duration ORDER BY p.title ASC
[31-May-2025 19:04:34 Europe/Berlin] Parameters: Array
(
    [:duration] => %2%
)

[31-May-2025 19:04:34 Europe/Berlin] Found 1 programmes
[31-May-2025 19:07:02 Europe/Berlin] Starting searchProgrammes with query: 
[31-May-2025 19:07:02 Europe/Berlin] Filters: Array
(
    [duration] => 2
)

[31-May-2025 19:07:02 Europe/Berlin] Total programmes in database: 10
[31-May-2025 19:07:02 Europe/Berlin] Final SQL: SELECT p.*
                FROM programmes p 
                WHERE p.is_published = 1 AND p.duration LIKE :duration ORDER BY p.title ASC
[31-May-2025 19:07:02 Europe/Berlin] Parameters: Array
(
    [:duration] => %2%
)

[31-May-2025 19:07:02 Europe/Berlin] Found 1 programmes
[31-May-2025 19:07:50 Europe/Berlin] Starting searchProgrammes with query: 
[31-May-2025 19:07:50 Europe/Berlin] Filters: Array
(
    [duration] => 1
)

[31-May-2025 19:07:50 Europe/Berlin] Total programmes in database: 10
[31-May-2025 19:07:50 Europe/Berlin] Final SQL: SELECT p.*
                FROM programmes p 
                WHERE p.is_published = 1 AND p.duration LIKE :duration ORDER BY p.title ASC
[31-May-2025 19:07:50 Europe/Berlin] Parameters: Array
(
    [:duration] => %1%
)

[31-May-2025 19:07:50 Europe/Berlin] Found 3 programmes
[31-May-2025 19:07:57 Europe/Berlin] Starting searchProgrammes with query: 
[31-May-2025 19:07:57 Europe/Berlin] Filters: Array
(
    [level] => undergraduate
    [duration] => 2
)

[31-May-2025 19:07:57 Europe/Berlin] Total programmes in database: 10
[31-May-2025 19:07:57 Europe/Berlin] Final SQL: SELECT p.*
                FROM programmes p 
                WHERE p.is_published = 1 AND p.level = :level AND p.duration LIKE :duration ORDER BY p.title ASC
[31-May-2025 19:07:57 Europe/Berlin] Parameters: Array
(
    [:level] => undergraduate
    [:duration] => %2%
)

[31-May-2025 19:07:57 Europe/Berlin] Found 0 programmes
[31-May-2025 19:08:03 Europe/Berlin] Starting searchProgrammes with query: 
[31-May-2025 19:08:03 Europe/Berlin] Filters: Array
(
    [level] => undergraduate
    [duration] => 1
)

[31-May-2025 19:08:03 Europe/Berlin] Total programmes in database: 10
[31-May-2025 19:08:03 Europe/Berlin] Final SQL: SELECT p.*
                FROM programmes p 
                WHERE p.is_published = 1 AND p.level = :level AND p.duration LIKE :duration ORDER BY p.title ASC
[31-May-2025 19:08:03 Europe/Berlin] Parameters: Array
(
    [:level] => undergraduate
    [:duration] => %1%
)

[31-May-2025 19:08:03 Europe/Berlin] Found 0 programmes
[31-May-2025 19:08:10 Europe/Berlin] Starting searchProgrammes with query: 
[31-May-2025 19:08:10 Europe/Berlin] Filters: Array
(
    [level] => undergraduate
    [duration] => 3
)

[31-May-2025 19:08:10 Europe/Berlin] Total programmes in database: 10
[31-May-2025 19:08:10 Europe/Berlin] Final SQL: SELECT p.*
                FROM programmes p 
                WHERE p.is_published = 1 AND p.level = :level AND p.duration LIKE :duration ORDER BY p.title ASC
[31-May-2025 19:08:10 Europe/Berlin] Parameters: Array
(
    [:level] => undergraduate
    [:duration] => %3%
)

[31-May-2025 19:08:10 Europe/Berlin] Found 5 programmes
[31-May-2025 19:08:20 Europe/Berlin] Starting searchProgrammes with query: 
[31-May-2025 19:08:20 Europe/Berlin] Filters: Array
(
    [level] => postgraduate
)

[31-May-2025 19:08:20 Europe/Berlin] Total programmes in database: 10
[31-May-2025 19:08:20 Europe/Berlin] Final SQL: SELECT p.*
                FROM programmes p 
                WHERE p.is_published = 1 AND p.level = :level ORDER BY p.title ASC
[31-May-2025 19:08:20 Europe/Berlin] Parameters: Array
(
    [:level] => postgraduate
)

[31-May-2025 19:08:20 Europe/Berlin] Found 4 programmes
[31-May-2025 19:08:23 Europe/Berlin] Starting searchProgrammes with query: 
[31-May-2025 19:08:23 Europe/Berlin] Filters: Array
(
    [level] => undergraduate
)

[31-May-2025 19:08:23 Europe/Berlin] Total programmes in database: 10
[31-May-2025 19:08:23 Europe/Berlin] Final SQL: SELECT p.*
                FROM programmes p 
                WHERE p.is_published = 1 AND p.level = :level ORDER BY p.title ASC
[31-May-2025 19:08:23 Europe/Berlin] Parameters: Array
(
    [:level] => undergraduate
)

[31-May-2025 19:08:23 Europe/Berlin] Found 6 programmes
[31-May-2025 19:08:27 Europe/Berlin] Starting searchProgrammes with query: 
[31-May-2025 19:08:27 Europe/Berlin] Filters: Array
(
    [level] => undergraduate
    [department] => Engineering
)

[31-May-2025 19:08:27 Europe/Berlin] Total programmes in database: 10
[31-May-2025 19:08:27 Europe/Berlin] Final SQL: SELECT p.*
                FROM programmes p 
                WHERE p.is_published = 1 AND p.level = :level AND p.department = :department ORDER BY p.title ASC
[31-May-2025 19:08:27 Europe/Berlin] Parameters: Array
(
    [:level] => undergraduate
    [:department] => Engineering
)

[31-May-2025 19:08:27 Europe/Berlin] Found 1 programmes
[31-May-2025 19:09:41 Europe/Berlin] Error getting enrolled courses for student ID 8: SQLSTATE[42S22]: Column not found: 1054 Unknown column 'e.programme_id' in 'on clause'
[31-May-2025 19:09:41 Europe/Berlin] Error in getUpcomingDeadlines: SQLSTATE[42S22]: Column not found: 1054 Unknown column 'a.deadline' in 'where clause'
[31-May-2025 19:09:44 Europe/Berlin] Starting searchProgrammes with query: 
[31-May-2025 19:09:44 Europe/Berlin] Filters: Array
(
)

[31-May-2025 19:09:44 Europe/Berlin] Total programmes in database: 10
[31-May-2025 19:09:44 Europe/Berlin] Final SQL: SELECT p.*
                FROM programmes p 
                WHERE p.is_published = 1 ORDER BY p.title ASC
[31-May-2025 19:09:44 Europe/Berlin] Parameters: Array
(
)

[31-May-2025 19:09:44 Europe/Berlin] Found 10 programmes
[31-May-2025 19:12:57 Europe/Berlin] Starting searchProgrammes with query: 
[31-May-2025 19:12:57 Europe/Berlin] Filters: Array
(
)

[31-May-2025 19:12:57 Europe/Berlin] Total programmes in database: 10
[31-May-2025 19:12:57 Europe/Berlin] Final SQL: SELECT p.*
                FROM programmes p 
                WHERE p.is_published = 1 ORDER BY p.title ASC
[31-May-2025 19:12:57 Europe/Berlin] Parameters: Array
(
)

[31-May-2025 19:12:57 Europe/Berlin] Found 10 programmes
[31-May-2025 19:27:52 Europe/Berlin] PHP Parse error:  syntax error, unexpected token ":", expecting "," or ";" in C:\xampp\htdocs\student-course-hub\src\models\Student.php on line 21
[31-May-2025 19:27:56 Europe/Berlin] PHP Parse error:  syntax error, unexpected token ":", expecting "," or ";" in C:\xampp\htdocs\student-course-hub\src\models\Student.php on line 21
[31-May-2025 19:29:28 Europe/Berlin] PHP Parse error:  Unmatched '}' in C:\xampp\htdocs\student-course-hub\src\models\Student.php on line 3
[31-May-2025 19:29:29 Europe/Berlin] PHP Parse error:  Unmatched '}' in C:\xampp\htdocs\student-course-hub\src\models\Student.php on line 3
[31-May-2025 19:42:36 Europe/Berlin] PHP Fatal error:  Cannot redeclare App\Models\Student::removeInterest() in C:\xampp\htdocs\student-course-hub\src\models\Student.php on line 108
[31-May-2025 19:46:26 Europe/Berlin] PHP Fatal error:  Cannot redeclare App\Models\Student::hasInterest() in C:\xampp\htdocs\student-course-hub\src\models\Student.php on line 108
[31-May-2025 19:46:27 Europe/Berlin] PHP Fatal error:  Cannot redeclare App\Models\Student::hasInterest() in C:\xampp\htdocs\student-course-hub\src\models\Student.php on line 108
[31-May-2025 19:49:05 Europe/Berlin] Error getting enrolled courses for student ID 8: SQLSTATE[42S22]: Column not found: 1054 Unknown column 'e.programme_id' in 'on clause'
[31-May-2025 19:49:05 Europe/Berlin] Error in getUpcomingDeadlines: SQLSTATE[42S22]: Column not found: 1054 Unknown column 'a.deadline' in 'where clause'
[31-May-2025 19:49:05 Europe/Berlin] PHP Fatal error:  Uncaught Error: Call to undefined method App\Models\Student::getInterestedCourses() in C:\xampp\htdocs\student-course-hub\src\controllers\StudentController.php:278
Stack trace:
#0 C:\xampp\htdocs\student-course-hub\index.php(73): App\Controllers\StudentController->viewDashboardNew()
#1 {main}
  thrown in C:\xampp\htdocs\student-course-hub\src\controllers\StudentController.php on line 278
[31-May-2025 19:49:06 Europe/Berlin] Error getting enrolled courses for student ID 8: SQLSTATE[42S22]: Column not found: 1054 Unknown column 'e.programme_id' in 'on clause'
[31-May-2025 19:49:06 Europe/Berlin] Error in getUpcomingDeadlines: SQLSTATE[42S22]: Column not found: 1054 Unknown column 'a.deadline' in 'where clause'
[31-May-2025 19:49:06 Europe/Berlin] PHP Fatal error:  Uncaught Error: Call to undefined method App\Models\Student::getInterestedCourses() in C:\xampp\htdocs\student-course-hub\src\controllers\StudentController.php:278
Stack trace:
#0 C:\xampp\htdocs\student-course-hub\index.php(73): App\Controllers\StudentController->viewDashboardNew()
#1 {main}
  thrown in C:\xampp\htdocs\student-course-hub\src\controllers\StudentController.php on line 278
[31-May-2025 20:02:27 Europe/Berlin] Error getting enrolled courses for student ID 8: SQLSTATE[42S22]: Column not found: 1054 Unknown column 'e.programme_id' in 'on clause'
[31-May-2025 20:02:31 Europe/Berlin] Error in getUpcomingDeadlines: SQLSTATE[42S22]: Column not found: 1054 Unknown column 'a.deadline' in 'where clause'
[31-May-2025 20:02:33 Europe/Berlin] Starting searchProgrammes with query: 
[31-May-2025 20:02:33 Europe/Berlin] Filters: Array
(
)

[31-May-2025 20:02:33 Europe/Berlin] Total programmes in database: 10
[31-May-2025 20:02:33 Europe/Berlin] Final SQL: SELECT p.*
                FROM programmes p 
                WHERE p.is_published = 1 ORDER BY p.title ASC
[31-May-2025 20:02:33 Europe/Berlin] Parameters: Array
(
)

[31-May-2025 20:02:33 Europe/Berlin] Found 10 programmes
[31-May-2025 20:24:48 Europe/Berlin] Starting searchProgrammes with query: 
[31-May-2025 20:24:48 Europe/Berlin] Filters: Array
(
)

[31-May-2025 20:24:48 Europe/Berlin] Total programmes in database: 10
[31-May-2025 20:24:48 Europe/Berlin] Final SQL: SELECT p.*
                FROM programmes p 
                WHERE p.is_published = 1 ORDER BY p.title ASC
[31-May-2025 20:24:48 Europe/Berlin] Parameters: Array
(
)

[31-May-2025 20:24:48 Europe/Berlin] Found 10 programmes
[31-May-2025 20:24:48 Europe/Berlin] Error getting interests for student ID 8: SQLSTATE[42S22]: Column not found: 1054 Unknown column 'si.created_at' in 'field list'
[31-May-2025 20:24:48 Europe/Berlin] Error getting student interests: Failed to retrieve student interests
[31-May-2025 20:33:33 Europe/Berlin] Starting searchProgrammes with query: 
[31-May-2025 20:33:33 Europe/Berlin] Filters: Array
(
)

[31-May-2025 20:33:33 Europe/Berlin] Total programmes in database: 10
[31-May-2025 20:33:33 Europe/Berlin] Final SQL: SELECT p.*
                FROM programmes p 
                WHERE p.is_published = 1 ORDER BY p.title ASC
[31-May-2025 20:33:33 Europe/Berlin] Parameters: Array
(
)

[31-May-2025 20:33:33 Europe/Berlin] Found 10 programmes
[31-May-2025 20:40:41 Europe/Berlin] Starting searchProgrammes with query: 
[31-May-2025 20:40:41 Europe/Berlin] Filters: Array
(
)

[31-May-2025 20:40:41 Europe/Berlin] Total programmes in database: 10
[31-May-2025 20:40:41 Europe/Berlin] Final SQL: SELECT p.*
                FROM programmes p 
                WHERE p.is_published = 1 ORDER BY p.title ASC
[31-May-2025 20:40:41 Europe/Berlin] Parameters: Array
(
)

[31-May-2025 20:40:41 Europe/Berlin] Found 10 programmes
[31-May-2025 20:46:35 Europe/Berlin] Starting searchProgrammes with query: 
[31-May-2025 20:46:35 Europe/Berlin] Filters: Array
(
)

[31-May-2025 20:46:35 Europe/Berlin] Total programmes in database: 10
[31-May-2025 20:46:35 Europe/Berlin] Final SQL: SELECT p.*
                FROM programmes p 
                WHERE p.is_published = 1 ORDER BY p.title ASC
[31-May-2025 20:46:35 Europe/Berlin] Parameters: Array
(
)

[31-May-2025 20:46:35 Europe/Berlin] Found 10 programmes
[31-May-2025 20:54:56 Europe/Berlin] Starting searchProgrammes with query: 
[31-May-2025 20:54:56 Europe/Berlin] Filters: Array
(
)

[31-May-2025 20:54:56 Europe/Berlin] Total programmes in database: 10
[31-May-2025 20:54:56 Europe/Berlin] Final SQL: SELECT p.*
                FROM programmes p 
                WHERE p.is_published = 1 ORDER BY p.title ASC
[31-May-2025 20:54:56 Europe/Berlin] Parameters: Array
(
)

[31-May-2025 20:54:56 Europe/Berlin] Found 10 programmes
[31-May-2025 20:57:54 Europe/Berlin] Starting searchProgrammes with query: 
[31-May-2025 20:57:54 Europe/Berlin] Filters: Array
(
)

[31-May-2025 20:57:54 Europe/Berlin] Total programmes in database: 10
[31-May-2025 20:57:54 Europe/Berlin] Final SQL: SELECT p.*
                FROM programmes p 
                WHERE p.is_published = 1 ORDER BY p.title ASC
[31-May-2025 20:57:54 Europe/Berlin] Parameters: Array
(
)

[31-May-2025 20:57:54 Europe/Berlin] Found 10 programmes
[31-May-2025 21:27:39 Europe/Berlin] Starting searchProgrammes with query: 
[31-May-2025 21:27:39 Europe/Berlin] Filters: Array
(
)

[31-May-2025 21:27:39 Europe/Berlin] Total programmes in database: 10
[31-May-2025 21:27:39 Europe/Berlin] Final SQL: SELECT p.*
                FROM programmes p 
                WHERE p.is_published = 1 ORDER BY p.title ASC
[31-May-2025 21:27:39 Europe/Berlin] Parameters: Array
(
)

[31-May-2025 21:27:39 Europe/Berlin] Found 10 programmes
[31-May-2025 21:32:40 Europe/Berlin] Starting searchProgrammes with query: 
[31-May-2025 21:32:40 Europe/Berlin] Filters: Array
(
)

[31-May-2025 21:32:40 Europe/Berlin] Total programmes in database: 10
[31-May-2025 21:32:40 Europe/Berlin] Final SQL: SELECT p.*
                FROM programmes p 
                WHERE p.is_published = 1 ORDER BY p.title ASC
[31-May-2025 21:32:40 Europe/Berlin] Parameters: Array
(
)

[31-May-2025 21:32:40 Europe/Berlin] Found 10 programmes
[31-May-2025 21:39:34 Europe/Berlin] Starting searchProgrammes with query: 
[31-May-2025 21:39:34 Europe/Berlin] Filters: Array
(
    [duration] => 2
)

[31-May-2025 21:39:34 Europe/Berlin] Total programmes in database: 10
[31-May-2025 21:39:34 Europe/Berlin] Final SQL: SELECT p.*
                FROM programmes p 
                WHERE p.is_published = 1 AND p.duration LIKE :duration ORDER BY p.title ASC
[31-May-2025 21:39:34 Europe/Berlin] Parameters: Array
(
    [:duration] => %2%
)

[31-May-2025 21:39:34 Europe/Berlin] Found 1 programmes
[31-May-2025 21:39:39 Europe/Berlin] Starting searchProgrammes with query: 
[31-May-2025 21:39:39 Europe/Berlin] Filters: Array
(
    [duration] => 2
)

[31-May-2025 21:39:39 Europe/Berlin] Total programmes in database: 10
[31-May-2025 21:39:39 Europe/Berlin] Final SQL: SELECT p.*
                FROM programmes p 
                WHERE p.is_published = 1 AND p.duration LIKE :duration ORDER BY p.title ASC
[31-May-2025 21:39:39 Europe/Berlin] Parameters: Array
(
    [:duration] => %2%
)

[31-May-2025 21:39:39 Europe/Berlin] Found 1 programmes
[31-May-2025 21:39:51 Europe/Berlin] Starting searchProgrammes with query: BA E
[31-May-2025 21:39:51 Europe/Berlin] Filters: Array
(
)

[31-May-2025 21:39:51 Europe/Berlin] Total programmes in database: 10
[31-May-2025 21:39:51 Europe/Berlin] Final SQL: SELECT p.*
                FROM programmes p 
                WHERE p.is_published = 1 AND (
                    p.title LIKE :query 
                    OR p.description LIKE :query 
                    OR p.department LIKE :query
                ) ORDER BY p.title ASC
[31-May-2025 21:39:51 Europe/Berlin] Parameters: Array
(
    [:query] => %BA E%
)

[31-May-2025 21:39:51 Europe/Berlin] Found 1 programmes
[31-May-2025 21:39:55 Europe/Berlin] Starting searchProgrammes with query: BA E
[31-May-2025 21:39:55 Europe/Berlin] Filters: Array
(
)

[31-May-2025 21:39:55 Europe/Berlin] Total programmes in database: 10
[31-May-2025 21:39:55 Europe/Berlin] Final SQL: SELECT p.*
                FROM programmes p 
                WHERE p.is_published = 1 AND (
                    p.title LIKE :query 
                    OR p.description LIKE :query 
                    OR p.department LIKE :query
                ) ORDER BY p.title ASC
[31-May-2025 21:39:55 Europe/Berlin] Parameters: Array
(
    [:query] => %BA E%
)

[31-May-2025 21:39:55 Europe/Berlin] Found 1 programmes
[31-May-2025 21:40:10 Europe/Berlin] Starting searchProgrammes with query: Bsc
[31-May-2025 21:40:10 Europe/Berlin] Filters: Array
(
)

[31-May-2025 21:40:10 Europe/Berlin] Total programmes in database: 10
[31-May-2025 21:40:10 Europe/Berlin] Final SQL: SELECT p.*
                FROM programmes p 
                WHERE p.is_published = 1 AND (
                    p.title LIKE :query 
                    OR p.description LIKE :query 
                    OR p.department LIKE :query
                ) ORDER BY p.title ASC
[31-May-2025 21:40:10 Europe/Berlin] Parameters: Array
(
    [:query] => %Bsc%
)

[31-May-2025 21:40:10 Europe/Berlin] Found 4 programmes
[31-May-2025 21:40:11 Europe/Berlin] Starting searchProgrammes with query: Bsc
[31-May-2025 21:40:11 Europe/Berlin] Filters: Array
(
)

[31-May-2025 21:40:11 Europe/Berlin] Total programmes in database: 10
[31-May-2025 21:40:11 Europe/Berlin] Final SQL: SELECT p.*
                FROM programmes p 
                WHERE p.is_published = 1 AND (
                    p.title LIKE :query 
                    OR p.description LIKE :query 
                    OR p.department LIKE :query
                ) ORDER BY p.title ASC
[31-May-2025 21:40:11 Europe/Berlin] Parameters: Array
(
    [:query] => %Bsc%
)

[31-May-2025 21:40:11 Europe/Berlin] Found 4 programmes
[31-May-2025 21:41:25 Europe/Berlin] PHP Fatal error:  Cannot redeclare App\Controllers\StudentController::handleRegisterInterest() in C:\xampp\htdocs\student-course-hub\src\controllers\StudentController.php on line 914
[31-May-2025 21:46:23 Europe/Berlin] PHP Fatal error:  Cannot redeclare App\Controllers\StudentController::handleRegisterInterest() in C:\xampp\htdocs\student-course-hub\src\controllers\StudentController.php on line 964
[31-May-2025 21:46:23 Europe/Berlin] PHP Fatal error:  Cannot redeclare App\Controllers\StudentController::handleRegisterInterest() in C:\xampp\htdocs\student-course-hub\src\controllers\StudentController.php on line 964
[31-May-2025 21:46:24 Europe/Berlin] PHP Fatal error:  Cannot redeclare App\Controllers\StudentController::handleRegisterInterest() in C:\xampp\htdocs\student-course-hub\src\controllers\StudentController.php on line 964
[31-May-2025 21:46:36 Europe/Berlin] PHP Fatal error:  Cannot redeclare App\Controllers\StudentController::handleRegisterInterest() in C:\xampp\htdocs\student-course-hub\src\controllers\StudentController.php on line 964
[31-May-2025 21:51:05 Europe/Berlin] Starting searchProgrammes with query: Bsc
[31-May-2025 21:51:05 Europe/Berlin] Filters: Array
(
)

[31-May-2025 21:51:05 Europe/Berlin] Total programmes in database: 10
[31-May-2025 21:51:05 Europe/Berlin] Final SQL: SELECT p.*
                FROM programmes p 
                WHERE p.is_published = 1 AND (
                    p.title LIKE :query 
                    OR p.description LIKE :query 
                    OR p.department LIKE :query
                ) ORDER BY p.title ASC
[31-May-2025 21:51:05 Europe/Berlin] Parameters: Array
(
    [:query] => %Bsc%
)

[31-May-2025 21:51:05 Europe/Berlin] Found 4 programmes
[31-May-2025 21:56:07 Europe/Berlin] Starting searchProgrammes with query: Bsc
[31-May-2025 21:56:07 Europe/Berlin] Filters: Array
(
)

[31-May-2025 21:56:07 Europe/Berlin] Total programmes in database: 10
[31-May-2025 21:56:07 Europe/Berlin] Final SQL: SELECT p.*
                FROM programmes p 
                WHERE p.is_published = 1 AND (
                    p.title LIKE :query 
                    OR p.description LIKE :query 
                    OR p.department LIKE :query
                ) ORDER BY p.title ASC
[31-May-2025 21:56:07 Europe/Berlin] Parameters: Array
(
    [:query] => %Bsc%
)

[31-May-2025 21:56:07 Europe/Berlin] Found 4 programmes
[31-May-2025 22:01:09 Europe/Berlin] Starting searchProgrammes with query: Bsc
[31-May-2025 22:01:09 Europe/Berlin] Filters: Array
(
)

[31-May-2025 22:01:09 Europe/Berlin] Total programmes in database: 10
[31-May-2025 22:01:09 Europe/Berlin] Final SQL: SELECT p.*
                FROM programmes p 
                WHERE p.is_published = 1 AND (
                    p.title LIKE :query 
                    OR p.description LIKE :query 
                    OR p.department LIKE :query
                ) ORDER BY p.title ASC
[31-May-2025 22:01:09 Europe/Berlin] Parameters: Array
(
    [:query] => %Bsc%
)

[31-May-2025 22:01:09 Europe/Berlin] Found 4 programmes
[31-May-2025 22:15:38 Europe/Berlin] PHP Fatal error:  Uncaught Error: Class "App\Models\Programme" not found in C:\xampp\htdocs\student-course-hub\src\controllers\AdminController.php:22
Stack trace:
#0 C:\xampp\htdocs\student-course-hub\routes\web.php(21): App\Controllers\AdminController->__construct()
#1 C:\xampp\htdocs\student-course-hub\index.php(25): require_once('C:\\xampp\\htdocs...')
#2 {main}
  thrown in C:\xampp\htdocs\student-course-hub\src\controllers\AdminController.php on line 22
[31-May-2025 22:15:53 Europe/Berlin] PHP Fatal error:  Uncaught Error: Class "App\Models\Programme" not found in C:\xampp\htdocs\student-course-hub\src\controllers\AdminController.php:22
Stack trace:
#0 C:\xampp\htdocs\student-course-hub\routes\web.php(21): App\Controllers\AdminController->__construct()
#1 C:\xampp\htdocs\student-course-hub\index.php(25): require_once('C:\\xampp\\htdocs...')
#2 {main}
  thrown in C:\xampp\htdocs\student-course-hub\src\controllers\AdminController.php on line 22
[31-May-2025 22:17:40 Europe/Berlin] Starting searchProgrammes with query: 
[31-May-2025 22:17:40 Europe/Berlin] Filters: Array
(
)

[31-May-2025 22:17:40 Europe/Berlin] Total programmes in database: 10
[31-May-2025 22:17:40 Europe/Berlin] Final SQL: SELECT p.*
                FROM programmes p 
                WHERE p.is_published = 1 ORDER BY p.title ASC
[31-May-2025 22:17:40 Europe/Berlin] Parameters: Array
(
)

[31-May-2025 22:17:40 Europe/Berlin] Found 10 programmes
[31-May-2025 22:25:59 Europe/Berlin] Starting searchProgrammes with query: 
[31-May-2025 22:25:59 Europe/Berlin] Filters: Array
(
)

[31-May-2025 22:25:59 Europe/Berlin] Total programmes in database: 10
[31-May-2025 22:25:59 Europe/Berlin] Final SQL: SELECT p.*
                FROM programmes p 
                WHERE p.is_published = 1 ORDER BY p.title ASC
[31-May-2025 22:26:00 Europe/Berlin] Parameters: Array
(
)

[31-May-2025 22:26:00 Europe/Berlin] Found 10 programmes
[31-May-2025 22:34:29 Europe/Berlin] Starting searchProgrammes with query: 
[31-May-2025 22:34:29 Europe/Berlin] Filters: Array
(
)

[31-May-2025 22:34:29 Europe/Berlin] Total programmes in database: 10
[31-May-2025 22:34:29 Europe/Berlin] Final SQL: SELECT p.*
                FROM programmes p 
                WHERE p.is_published = 1 ORDER BY p.title ASC
[31-May-2025 22:34:29 Europe/Berlin] Parameters: Array
(
)

[31-May-2025 22:34:29 Europe/Berlin] Found 10 programmes
[31-May-2025 22:34:46 Europe/Berlin] Attempting login for email: admin_test@example.com
[31-May-2025 22:34:46 Europe/Berlin] User found: yes
[31-May-2025 22:34:46 Europe/Berlin] User role: admin
[31-May-2025 22:34:46 Europe/Berlin] Password verification result: true
[31-May-2025 22:34:48 Europe/Berlin] Session created with user_id: 15, role: admin
[31-May-2025 22:34:48 Europe/Berlin] PHP Warning:  session_set_cookie_params(): Session cookie parameters cannot be changed when a session is active in C:\xampp\htdocs\student-course-hub\src\controllers\AuthController.php on line 105
[31-May-2025 22:36:34 Europe/Berlin] Attempting login for email: m7@gmail.com
[31-May-2025 22:36:34 Europe/Berlin] User found: yes
[31-May-2025 22:36:34 Europe/Berlin] User role: student
[31-May-2025 22:36:34 Europe/Berlin] Password verification result: true
[31-May-2025 22:36:34 Europe/Berlin] Session created with user_id: 8, role: student
[31-May-2025 22:36:34 Europe/Berlin] PHP Warning:  session_set_cookie_params(): Session cookie parameters cannot be changed when a session is active in C:\xampp\htdocs\student-course-hub\src\controllers\AuthController.php on line 105
[31-May-2025 22:36:35 Europe/Berlin] Error getting enrolled courses for student ID 8: SQLSTATE[42S22]: Column not found: 1054 Unknown column 'e.programme_id' in 'on clause'
[31-May-2025 22:36:35 Europe/Berlin] Error in getUpcomingDeadlines: SQLSTATE[42S22]: Column not found: 1054 Unknown column 'a.deadline' in 'where clause'
[31-May-2025 22:36:38 Europe/Berlin] Starting searchProgrammes with query: 
[31-May-2025 22:36:38 Europe/Berlin] Filters: Array
(
)

[31-May-2025 22:36:38 Europe/Berlin] Total programmes in database: 10
[31-May-2025 22:36:38 Europe/Berlin] Final SQL: SELECT p.*
                FROM programmes p 
                WHERE p.is_published = 1 ORDER BY p.title ASC
[31-May-2025 22:36:38 Europe/Berlin] Parameters: Array
(
)

[31-May-2025 22:36:38 Europe/Berlin] Found 10 programmes
[31-May-2025 22:36:42 Europe/Berlin] handle_interest.php accessed - POST data: Array
(
    [programme_id] => 49
    [redirect] => /student-course-hub/student/explore_programmes
    [action] => register
)

[31-May-2025 22:36:42 Europe/Berlin] PHP Notice:  session_start(): Ignoring session_start() because a session is already active in C:\xampp\htdocs\student-course-hub\src\views\student\handle_interest.php on line 8
[31-May-2025 22:36:42 Europe/Berlin] PHP Fatal error:  Uncaught Error: Class "StudentController" not found in C:\xampp\htdocs\student-course-hub\src\views\student\handle_interest.php:26
Stack trace:
#0 C:\xampp\htdocs\student-course-hub\index.php(99): require_once()
#1 {main}
  thrown in C:\xampp\htdocs\student-course-hub\src\views\student\handle_interest.php on line 26
[31-May-2025 22:38:31 Europe/Berlin] handle_interest.php accessed - POST data: Array
(
    [programme_id] => 49
    [redirect] => /student-course-hub/student/explore_programmes
    [action] => register
)

[31-May-2025 22:38:31 Europe/Berlin] PHP Fatal error:  Uncaught Error: Cannot access private property App\Controllers\StudentController::$student in C:\xampp\htdocs\student-course-hub\src\views\student\handle_interest.php:41
Stack trace:
#0 C:\xampp\htdocs\student-course-hub\index.php(99): require_once()
#1 {main}
  thrown in C:\xampp\htdocs\student-course-hub\src\views\student\handle_interest.php on line 41
[31-May-2025 22:40:34 Europe/Berlin] handle_interest.php accessed - POST data: Array
(
    [programme_id] => 49
    [redirect] => /student-course-hub/student/explore_programmes
    [action] => register
)

[31-May-2025 22:40:34 Europe/Berlin] StudentController: Attempting to add interest - Student ID: 8, Programme ID: 49
[31-May-2025 22:40:35 Europe/Berlin] StudentController: Successfully added interest
[31-May-2025 22:40:35 Europe/Berlin] Starting searchProgrammes with query: 
[31-May-2025 22:40:35 Europe/Berlin] Filters: Array
(
)

[31-May-2025 22:40:35 Europe/Berlin] Total programmes in database: 10
[31-May-2025 22:40:35 Europe/Berlin] Final SQL: SELECT p.*
                FROM programmes p 
                WHERE p.is_published = 1 ORDER BY p.title ASC
[31-May-2025 22:40:35 Europe/Berlin] Parameters: Array
(
)

[31-May-2025 22:40:35 Europe/Berlin] Found 10 programmes
[31-May-2025 22:40:39 Europe/Berlin] handle_interest.php accessed - POST data: Array
(
    [programme_id] => 49
    [redirect] => /student-course-hub/student/explore_programmes
    [action] => register
)

[31-May-2025 22:40:39 Europe/Berlin] Starting searchProgrammes with query: 
[31-May-2025 22:40:39 Europe/Berlin] Filters: Array
(
)

[31-May-2025 22:40:39 Europe/Berlin] Total programmes in database: 10
[31-May-2025 22:40:39 Europe/Berlin] Final SQL: SELECT p.*
                FROM programmes p 
                WHERE p.is_published = 1 ORDER BY p.title ASC
[31-May-2025 22:40:39 Europe/Berlin] Parameters: Array
(
)

[31-May-2025 22:40:39 Europe/Berlin] Found 10 programmes
[31-May-2025 22:40:53 Europe/Berlin] handle_interest.php accessed - POST data: Array
(
    [programme_id] => 49
    [redirect] => /student-course-hub/student/explore_programmes
    [action] => register
)

[31-May-2025 22:40:53 Europe/Berlin] Starting searchProgrammes with query: 
[31-May-2025 22:40:53 Europe/Berlin] Filters: Array
(
)

[31-May-2025 22:40:53 Europe/Berlin] Total programmes in database: 10
[31-May-2025 22:40:53 Europe/Berlin] Final SQL: SELECT p.*
                FROM programmes p 
                WHERE p.is_published = 1 ORDER BY p.title ASC
[31-May-2025 22:40:53 Europe/Berlin] Parameters: Array
(
)

[31-May-2025 22:40:53 Europe/Berlin] Found 10 programmes
[31-May-2025 22:40:57 Europe/Berlin] handle_interest.php accessed - POST data: Array
(
    [programme_id] => 46
    [redirect] => /student-course-hub/student/explore_programmes
    [action] => register
)

[31-May-2025 22:40:57 Europe/Berlin] StudentController: Attempting to add interest - Student ID: 8, Programme ID: 46
[31-May-2025 22:40:57 Europe/Berlin] StudentController: Successfully added interest
[31-May-2025 22:40:57 Europe/Berlin] Starting searchProgrammes with query: 
[31-May-2025 22:40:57 Europe/Berlin] Filters: Array
(
)

[31-May-2025 22:40:57 Europe/Berlin] Total programmes in database: 10
[31-May-2025 22:40:57 Europe/Berlin] Final SQL: SELECT p.*
                FROM programmes p 
                WHERE p.is_published = 1 ORDER BY p.title ASC
[31-May-2025 22:40:57 Europe/Berlin] Parameters: Array
(
)

[31-May-2025 22:40:57 Europe/Berlin] Found 10 programmes
[31-May-2025 22:50:24 Europe/Berlin] Starting searchProgrammes with query: 
[31-May-2025 22:50:24 Europe/Berlin] Filters: Array
(
)

[31-May-2025 22:50:24 Europe/Berlin] Total programmes in database: 10
[31-May-2025 22:50:24 Europe/Berlin] Final SQL: SELECT p.*
                FROM programmes p 
                WHERE p.is_published = 1 ORDER BY p.title ASC
[31-May-2025 22:50:24 Europe/Berlin] Parameters: Array
(
)

[31-May-2025 22:50:24 Europe/Berlin] Found 10 programmes
[31-May-2025 22:56:23 Europe/Berlin] Starting searchProgrammes with query: 
[31-May-2025 22:56:23 Europe/Berlin] Filters: Array
(
)

[31-May-2025 22:56:23 Europe/Berlin] Total programmes in database: 10
[31-May-2025 22:56:23 Europe/Berlin] Final SQL: SELECT p.*
                FROM programmes p 
                WHERE p.is_published = 1 ORDER BY p.title ASC
[31-May-2025 22:56:23 Europe/Berlin] Parameters: Array
(
)

[31-May-2025 22:56:23 Europe/Berlin] Found 10 programmes
[31-May-2025 23:04:08 Europe/Berlin] Starting searchProgrammes with query: 
[31-May-2025 23:04:08 Europe/Berlin] Filters: Array
(
)

[31-May-2025 23:04:08 Europe/Berlin] Total programmes in database: 10
[31-May-2025 23:04:08 Europe/Berlin] Final SQL: SELECT p.*
                FROM programmes p 
                WHERE p.is_published = 1 ORDER BY p.title ASC
[31-May-2025 23:04:08 Europe/Berlin] Parameters: Array
(
)

[31-May-2025 23:04:08 Europe/Berlin] Found 10 programmes
[31-May-2025 23:36:02 Europe/Berlin] Starting searchProgrammes with query: 
[31-May-2025 23:36:02 Europe/Berlin] Filters: Array
(
)

[31-May-2025 23:36:02 Europe/Berlin] Total programmes in database: 10
[31-May-2025 23:36:02 Europe/Berlin] Final SQL: SELECT p.*
                FROM programmes p 
                WHERE p.is_published = 1 ORDER BY p.title ASC
[31-May-2025 23:36:02 Europe/Berlin] Parameters: Array
(
)

[31-May-2025 23:36:02 Europe/Berlin] Found 10 programmes
[31-May-2025 23:36:09 Europe/Berlin] Starting searchProgrammes with query: 
[31-May-2025 23:36:09 Europe/Berlin] Filters: Array
(
)

[31-May-2025 23:36:09 Europe/Berlin] Total programmes in database: 10
[31-May-2025 23:36:09 Europe/Berlin] Final SQL: SELECT p.*
                FROM programmes p 
                WHERE p.is_published = 1 ORDER BY p.title ASC
[31-May-2025 23:36:09 Europe/Berlin] Parameters: Array
(
)

[31-May-2025 23:36:09 Europe/Berlin] Found 10 programmes
[31-May-2025 23:43:31 Europe/Berlin] PHP Fatal error:  Cannot redeclare App\Controllers\StudentController::viewInterests() in C:\xampp\htdocs\student-course-hub\src\controllers\StudentController.php on line 901
[31-May-2025 23:45:57 Europe/Berlin] PHP Fatal error:  Uncaught Error: Call to undefined method App\Controllers\StudentController::getStudentInterests() in C:\xampp\htdocs\student-course-hub\src\views\student\manage_interests.php:16
Stack trace:
#0 C:\xampp\htdocs\student-course-hub\src\controllers\StudentController.php(48): require_once()
#1 C:\xampp\htdocs\student-course-hub\index.php(118): App\Controllers\StudentController->viewInterests()
#2 {main}
  thrown in C:\xampp\htdocs\student-course-hub\src\views\student\manage_interests.php on line 16
[01-Jun-2025 00:00:27 Europe/Berlin] Starting searchProgrammes with query: 
[01-Jun-2025 00:00:27 Europe/Berlin] Filters: Array
(
)

[01-Jun-2025 00:00:27 Europe/Berlin] Total programmes in database: 10
[01-Jun-2025 00:00:27 Europe/Berlin] Final SQL: SELECT p.*
                FROM programmes p 
                WHERE p.is_published = 1 ORDER BY p.title ASC
[01-Jun-2025 00:00:27 Europe/Berlin] Parameters: Array
(
)

[01-Jun-2025 00:00:27 Europe/Berlin] Found 10 programmes
[01-Jun-2025 00:00:34 Europe/Berlin] handle_interest.php accessed - POST data: Array
(
    [programme_id] => 43
    [redirect] => /student-course-hub/student/explore_programmes
    [action] => register
)

[01-Jun-2025 00:00:34 Europe/Berlin] StudentController: Attempting to add interest - Student ID: 8, Programme ID: 43
[01-Jun-2025 00:00:34 Europe/Berlin] StudentController: Successfully added interest
[01-Jun-2025 00:00:34 Europe/Berlin] Starting searchProgrammes with query: 
[01-Jun-2025 00:00:34 Europe/Berlin] Filters: Array
(
)

[01-Jun-2025 00:00:34 Europe/Berlin] Total programmes in database: 10
[01-Jun-2025 00:00:34 Europe/Berlin] Final SQL: SELECT p.*
                FROM programmes p 
                WHERE p.is_published = 1 ORDER BY p.title ASC
[01-Jun-2025 00:00:34 Europe/Berlin] Parameters: Array
(
)

[01-Jun-2025 00:00:34 Europe/Berlin] Found 10 programmes
